This is pdfTeX, Version 3.1415926-2.5-1.40.14 (TeX Live 2013/Debian) (format=pdflatex 2016.4.6)  3 JAN 2017 17:56
entering extended mode
 restricted \write18 enabled.
 %&-line parsing enabled.
**mid_report.tex
(./mid_report.tex
LaTeX2e <2011/06/27>
Babel <3.9h> and hyphenation patterns for 78 languages loaded.
(/usr/share/texlive/texmf-dist/tex/latex/base/report.cls
Document Class: report 2007/10/19 v1.4h Standard LaTeX document class
(/usr/share/texlive/texmf-dist/tex/latex/base/size12.clo
File: size12.clo 2007/10/19 v1.4h Standard LaTeX file (size option)
)
\c@part=\count79
\c@chapter=\count80
\c@section=\count81
\c@subsection=\count82
\c@subsubsection=\count83
\c@paragraph=\count84
\c@subparagraph=\count85
\c@figure=\count86
\c@table=\count87
\abovecaptionskip=\skip41
\belowcaptionskip=\skip42
\bibindent=\dimen102
)
(./classes/pdfscreen.sty

LaTeX Warning: You have requested package `classes/pdfscreen',
               but the package provides `pdfscreen'.

Package: pdfscreen 2000/07/07 v.1.5 screen PDF design (CVR)
(/usr/share/texlive/texmf-dist/tex/latex/graphics/graphicx.sty
Package: graphicx 1999/02/16 v1.0f Enhanced LaTeX Graphics (DPC,SPQR)

(/usr/share/texlive/texmf-dist/tex/latex/graphics/keyval.sty
Package: keyval 1999/03/16 v1.13 key=value parser (DPC)
\KV@toks@=\toks14
)
(/usr/share/texlive/texmf-dist/tex/latex/graphics/graphics.sty
Package: graphics 2009/02/05 v1.0o Standard LaTeX Graphics (DPC,SPQR)

(/usr/share/texlive/texmf-dist/tex/latex/graphics/trig.sty
Package: trig 1999/03/16 v1.09 sin cos tan (DPC)
)
(/usr/share/texlive/texmf-dist/tex/latex/latexconfig/graphics.cfg
File: graphics.cfg 2010/04/23 v1.9 graphics configuration of TeX Live
)
Package graphics Info: Driver file: pdftex.def on input line 91.

(/usr/share/texlive/texmf-dist/tex/latex/pdftex-def/pdftex.def
File: pdftex.def 2011/05/27 v0.06d Graphics/color for pdfTeX

(/usr/share/texlive/texmf-dist/tex/generic/oberdiek/infwarerr.sty
Package: infwarerr 2010/04/08 v1.3 Providing info/warning/error messages (HO)
)
(/usr/share/texlive/texmf-dist/tex/generic/oberdiek/ltxcmds.sty
Package: ltxcmds 2011/11/09 v1.22 LaTeX kernel commands for general use (HO)
)
\Gread@gobject=\count88
))
\Gin@req@height=\dimen103
\Gin@req@width=\dimen104
)
(/usr/share/texlive/texmf-dist/tex/latex/graphics/color.sty
Package: color 2005/11/14 v1.0j Standard LaTeX Color (DPC)

(/usr/share/texlive/texmf-dist/tex/latex/latexconfig/color.cfg
File: color.cfg 2007/01/18 v1.5 color configuration of teTeX/TeXLive
)
Package color Info: Driver file: pdftex.def on input line 130.
)
(/usr/share/texlive/texmf-dist/tex/latex/tools/calc.sty
Package: calc 2007/08/22 v4.3 Infix arithmetic (KKT,FJ)
\calc@Acount=\count89
\calc@Bcount=\count90
\calc@Adimen=\dimen105
\calc@Bdimen=\dimen106
\calc@Askip=\skip43
\calc@Bskip=\skip44
LaTeX Info: Redefining \setlength on input line 76.
LaTeX Info: Redefining \addtolength on input line 77.
\calc@Ccount=\count91
\calc@Cskip=\skip45
)
(/usr/share/texlive/texmf-dist/tex/latex/comment/comment.sty
\CommentStream=\write3

Excluding comment 'comment')
\c@panel=\count92
\c@driver=\count93
\c@scheme=\count94

(/usr/share/texlive/texmf-dist/tex/latex/amsfonts/amssymb.sty
Package: amssymb 2013/01/14 v3.01 AMS font symbols

(/usr/share/texlive/texmf-dist/tex/latex/amsfonts/amsfonts.sty
Package: amsfonts 2013/01/14 v3.01 Basic AMSFonts support
\@emptytoks=\toks15
\symAMSa=\mathgroup4
\symAMSb=\mathgroup5
LaTeX Font Info:    Overwriting math alphabet `\mathfrak' in version `bold'
(Font)                  U/euf/m/n --> U/euf/b/n on input line 106.
))
(/usr/share/texlive/texmf-dist/tex/latex/hyperref/hyperref.sty
Package: hyperref 2012/11/06 v6.83m Hypertext links for LaTeX

(/usr/share/texlive/texmf-dist/tex/generic/oberdiek/hobsub-hyperref.sty
Package: hobsub-hyperref 2012/05/28 v1.13 Bundle oberdiek, subset hyperref (HO)


(/usr/share/texlive/texmf-dist/tex/generic/oberdiek/hobsub-generic.sty
Package: hobsub-generic 2012/05/28 v1.13 Bundle oberdiek, subset generic (HO)
Package: hobsub 2012/05/28 v1.13 Construct package bundles (HO)
Package hobsub Info: Skipping package `infwarerr' (already loaded).
Package hobsub Info: Skipping package `ltxcmds' (already loaded).
Package: ifluatex 2010/03/01 v1.3 Provides the ifluatex switch (HO)
Package ifluatex Info: LuaTeX not detected.
Package: ifvtex 2010/03/01 v1.5 Detect VTeX and its facilities (HO)
Package ifvtex Info: VTeX not detected.
Package: intcalc 2007/09/27 v1.1 Expandable calculations with integers (HO)
Package: ifpdf 2011/01/30 v2.3 Provides the ifpdf switch (HO)
Package ifpdf Info: pdfTeX in PDF mode is detected.
Package: etexcmds 2011/02/16 v1.5 Avoid name clashes with e-TeX commands (HO)
Package etexcmds Info: Could not find \expanded.
(etexcmds)             That can mean that you are not using pdfTeX 1.50 or
(etexcmds)             that some package has redefined \expanded.
(etexcmds)             In the latter case, load this package earlier.
Package: kvsetkeys 2012/04/25 v1.16 Key value parser (HO)
Package: kvdefinekeys 2011/04/07 v1.3 Define keys (HO)
Package: pdftexcmds 2011/11/29 v0.20 Utility functions of pdfTeX for LuaTeX (HO
)
Package pdftexcmds Info: LuaTeX not detected.
Package pdftexcmds Info: \pdf@primitive is available.
Package pdftexcmds Info: \pdf@ifprimitive is available.
Package pdftexcmds Info: \pdfdraftmode found.
Package: pdfescape 2011/11/25 v1.13 Implements pdfTeX's escape features (HO)
Package: bigintcalc 2012/04/08 v1.3 Expandable calculations on big integers (HO
)
Package: bitset 2011/01/30 v1.1 Handle bit-vector datatype (HO)
Package: uniquecounter 2011/01/30 v1.2 Provide unlimited unique counter (HO)
)
Package hobsub Info: Skipping package `hobsub' (already loaded).
Package: letltxmacro 2010/09/02 v1.4 Let assignment for LaTeX macros (HO)
Package: hopatch 2012/05/28 v1.2 Wrapper for package hooks (HO)
Package: xcolor-patch 2011/01/30 xcolor patch
Package: atveryend 2011/06/30 v1.8 Hooks at the very end of document (HO)
Package atveryend Info: \enddocument detected (standard20110627).
Package: atbegshi 2011/10/05 v1.16 At begin shipout hook (HO)
Package: refcount 2011/10/16 v3.4 Data extraction from label references (HO)
Package: hycolor 2011/01/30 v1.7 Color options for hyperref/bookmark (HO)
)
(/usr/share/texlive/texmf-dist/tex/generic/ifxetex/ifxetex.sty
Package: ifxetex 2010/09/12 v0.6 Provides ifxetex conditional
)
(/usr/share/texlive/texmf-dist/tex/latex/oberdiek/auxhook.sty
Package: auxhook 2011/03/04 v1.3 Hooks for auxiliary files (HO)
)
(/usr/share/texlive/texmf-dist/tex/latex/oberdiek/kvoptions.sty
Package: kvoptions 2011/06/30 v3.11 Key value format for package options (HO)
)
\@linkdim=\dimen107
\Hy@linkcounter=\count95
\Hy@pagecounter=\count96

(/usr/share/texlive/texmf-dist/tex/latex/hyperref/pd1enc.def
File: pd1enc.def 2012/11/06 v6.83m Hyperref: PDFDocEncoding definition (HO)
)
\Hy@SavedSpaceFactor=\count97

(/usr/share/texlive/texmf-dist/tex/latex/latexconfig/hyperref.cfg
File: hyperref.cfg 2002/06/06 v1.2 hyperref configuration of TeXLive
)
Package hyperref Info: Option `bookmarksopen' set `true' on input line 4319.
Package hyperref Info: Option `colorlinks' set `true' on input line 4319.
Package hyperref Info: Hyper figures OFF on input line 4443.
Package hyperref Info: Link nesting OFF on input line 4448.
Package hyperref Info: Hyper index ON on input line 4451.
Package hyperref Info: Plain pages OFF on input line 4458.
Package hyperref Info: Backreferencing OFF on input line 4463.
Package hyperref Info: Implicit mode ON; LaTeX internals redefined.
Package hyperref Info: Bookmarks ON on input line 4688.
\c@Hy@tempcnt=\count98

(/usr/share/texlive/texmf-dist/tex/latex/url/url.sty
\Urlmuskip=\muskip10
Package: url 2013/09/16  ver 3.4  Verb mode for urls, etc.
)
LaTeX Info: Redefining \url on input line 5041.
\XeTeXLinkMargin=\dimen108
\Fld@menulength=\count99
\Field@Width=\dimen109
\Fld@charsize=\dimen110
Package hyperref Info: Hyper figures OFF on input line 6295.
Package hyperref Info: Link nesting OFF on input line 6300.
Package hyperref Info: Hyper index ON on input line 6303.
Package hyperref Info: backreferencing OFF on input line 6310.
Package hyperref Info: Link coloring ON on input line 6313.
Package hyperref Info: Link coloring with OCG OFF on input line 6320.
Package hyperref Info: PDF/A mode OFF on input line 6325.
LaTeX Info: Redefining \ref on input line 6365.
LaTeX Info: Redefining \pageref on input line 6369.
\Hy@abspage=\count100
\c@Item=\count101
\c@Hfootnote=\count102
)

Package hyperref Message: Driver: hpdftex.

(/usr/share/texlive/texmf-dist/tex/latex/hyperref/hpdftex.def
File: hpdftex.def 2012/11/06 v6.83m Hyperref driver for pdfTeX
\Fld@listcount=\count103
\c@bookmark@seq@number=\count104

(/usr/share/texlive/texmf-dist/tex/latex/oberdiek/rerunfilecheck.sty
Package: rerunfilecheck 2011/04/15 v1.7 Rerun checks for auxiliary files (HO)
Package uniquecounter Info: New unique counter `rerunfilecheck' on input line 2
82.
)
\Hy@SectionHShift=\skip46
)
Include comment 'print' Excluding comment 'screen'
(/usr/share/texlive/texmf-dist/tex/latex/fancybox/fancybox.sty
Package: fancybox 2010/05/15 1.4

Style option: `fancybox' v1.4 <2010/05/15> (tvz)
\@fancybox=\box26
\shadowsize=\dimen111
\@Sbox=\box27
\do@VerbBox=\toks16
\the@fancyput=\toks17
\this@fancyput=\toks18
\EndVerbatimTokens=\toks19
\Verbatim@Outfile=\write4
\Verbatim@Infile=\read1
)
\@PDFmpht=\dimen112
\c@slide=\count105
\c@slideoverlay=\count106
) (./classes/lipsum.sty

LaTeX Warning: You have requested package `classes/lipsum',
               but the package provides `lipsum'.

Package: lipsum 2011/04/14 v1.2 150 paragraphs of Lorem Ipsum dummy text
\c@lips@count=\count107
) (./classes/titletoc.sty

LaTeX Warning: You have requested package `classes/titletoc',
               but the package provides `titletoc'.

Package: titletoc 2011/12/15 v1.6 TOC entries
\ttl@leftsep=\dimen113
) (./classes/lastpage.sty

LaTeX Warning: You have requested package `classes/lastpage',
               but the package provides `lastpage'.

Package: lastpage 1994/06/25 v0.1b LaTeX2e package for refs to last page number
 (JPG)
) (./classes/macro.sty) (./classes/float.sty

LaTeX Warning: You have requested package `classes/float',
               but the package provides `float'.

Package: float 1999/05/29 v1.2d Float enhancements (AL)
\c@float@type=\count108
\float@box=\box28
\@floatcapt=\box29
) (/usr/share/texlive/texmf-dist/tex/latex/fancyhdr/fancyhdr.sty
\fancy@headwidth=\skip47
\f@ncyO@elh=\skip48
\f@ncyO@erh=\skip49
\f@ncyO@olh=\skip50
\f@ncyO@orh=\skip51
\f@ncyO@elf=\skip52
\f@ncyO@erf=\skip53
\f@ncyO@olf=\skip54
\f@ncyO@orf=\skip55
)
(/usr/share/texlive/texmf-dist/tex/latex/booktabs/booktabs.sty
Package: booktabs 2005/04/14 v1.61803 publication quality tables
\heavyrulewidth=\dimen114
\lightrulewidth=\dimen115
\cmidrulewidth=\dimen116
\belowrulesep=\dimen117
\belowbottomsep=\dimen118
\aboverulesep=\dimen119
\abovetopsep=\dimen120
\cmidrulesep=\dimen121
\cmidrulekern=\dimen122
\defaultaddspace=\dimen123
\@cmidla=\count109
\@cmidlb=\count110
\@aboverulesep=\dimen124
\@belowrulesep=\dimen125
\@thisruleclass=\count111
\@lastruleclass=\count112
\@thisrulewidth=\dimen126
)
(/usr/share/texlive/texmf-dist/tex/latex/tools/array.sty
Package: array 2008/09/09 v2.4c Tabular extension package (FMi)
\col@sep=\dimen127
\extrarowheight=\dimen128
\NC@list=\toks20
\extratabsurround=\skip56
\backup@length=\skip57
)
(/usr/share/texmf/tex/latex/xcolor/xcolor.sty
Package: xcolor 2007/01/21 v2.11 LaTeX color extensions (UK)

(/usr/share/texlive/texmf-dist/tex/latex/latexconfig/color.cfg
File: color.cfg 2007/01/18 v1.5 color configuration of teTeX/TeXLive
)
Package xcolor Info: Driver file: pdftex.def on input line 225.
LaTeX Info: Redefining \color on input line 702.
Package xcolor Info: Model `cmy' substituted by `cmy0' on input line 1337.
Package xcolor Info: Model `hsb' substituted by `rgb' on input line 1341.
Package xcolor Info: Model `RGB' extended on input line 1353.
Package xcolor Info: Model `HTML' substituted by `rgb' on input line 1355.
Package xcolor Info: Model `Hsb' substituted by `hsb' on input line 1356.
Package xcolor Info: Model `tHsb' substituted by `hsb' on input line 1357.
Package xcolor Info: Model `HSB' substituted by `hsb' on input line 1358.
Package xcolor Info: Model `Gray' substituted by `gray' on input line 1359.
Package xcolor Info: Model `wave' substituted by `hsb' on input line 1360.
)
(/usr/share/texlive/texmf-dist/tex/latex/colortbl/colortbl.sty
Package: colortbl 2012/02/13 v1.0a Color table columns (DPC)
\everycr=\toks21
\minrowclearance=\skip58
)
(/usr/share/texlive/texmf-dist/tex/latex/tools/verbatim.sty
Package: verbatim 2003/08/22 v1.5q LaTeX2e package for verbatim enhancements
\every@verbatim=\toks22
\verbatim@line=\toks23
\verbatim@in@stream=\read2
)
(./classes/fncychap.sty

LaTeX Warning: You have requested package `classes/fncychap',
               but the package provides `fncychap'.

Package: fncychap 2007/07/30 v1.34 LaTeX package (Revised chapters)
\RW=\skip59
\mylen=\skip60
\myhi=\skip61
\px=\skip62
\py=\skip63
\pyy=\skip64
\pxx=\skip65
\backskip=\skip66
) (/usr/share/texlive/texmf-dist/tex/latex/placeins/placeins.sty
Package: placeins 2005/04/18  v 2.2
)
(/usr/share/texlive/texmf-dist/tex/latex/geometry/geometry.sty
Package: geometry 2010/09/12 v5.6 Page Geometry
\Gm@cnth=\count113
\Gm@cntv=\count114
\c@Gm@tempcnt=\count115
\Gm@bindingoffset=\dimen129
\Gm@wd@mp=\dimen130
\Gm@odd@mp=\dimen131
\Gm@even@mp=\dimen132
\Gm@layoutwidth=\dimen133
\Gm@layoutheight=\dimen134
\Gm@layouthoffset=\dimen135
\Gm@layoutvoffset=\dimen136
\Gm@dimlist=\toks24
)
Excluding 'screen' comment. (../output/midterm_report//mid_report.aux

LaTeX Warning: Label `' multiply defined.


LaTeX Warning: Label `' multiply defined.


LaTeX Warning: Label `' multiply defined.


LaTeX Warning: Label `' multiply defined.


LaTeX Warning: Label `' multiply defined.


LaTeX Warning: Label `' multiply defined.


LaTeX Warning: Label `' multiply defined.

)
\openout1 = `mid_report.aux'.

LaTeX Font Info:    Checking defaults for OML/cmm/m/it on input line 38.
LaTeX Font Info:    ... okay on input line 38.
LaTeX Font Info:    Checking defaults for T1/cmr/m/n on input line 38.
LaTeX Font Info:    ... okay on input line 38.
LaTeX Font Info:    Checking defaults for OT1/cmr/m/n on input line 38.
LaTeX Font Info:    ... okay on input line 38.
LaTeX Font Info:    Checking defaults for OMS/cmsy/m/n on input line 38.
LaTeX Font Info:    ... okay on input line 38.
LaTeX Font Info:    Checking defaults for OMX/cmex/m/n on input line 38.
LaTeX Font Info:    ... okay on input line 38.
LaTeX Font Info:    Checking defaults for U/cmr/m/n on input line 38.
LaTeX Font Info:    ... okay on input line 38.
LaTeX Font Info:    Checking defaults for PD1/pdf/m/n on input line 38.
LaTeX Font Info:    ... okay on input line 38.
 (/usr/share/texlive/texmf-dist/tex/context/base/supp-pdf.mkii
[Loading MPS to PDF converter (version 2006.09.02).]
\scratchcounter=\count116
\scratchdimen=\dimen137
\scratchbox=\box30
\nofMPsegments=\count117
\nofMParguments=\count118
\everyMPshowfont=\toks25
\MPscratchCnt=\count119
\MPscratchDim=\dimen138
\MPnumerator=\count120
\makeMPintoPDFobject=\count121
\everyMPtoPDFconversion=\toks26
) (/usr/share/texlive/texmf-dist/tex/latex/oberdiek/epstopdf-base.sty
Package: epstopdf-base 2010/02/09 v2.5 Base part for package epstopdf

(/usr/share/texlive/texmf-dist/tex/latex/oberdiek/grfext.sty
Package: grfext 2010/08/19 v1.1 Manage graphics extensions (HO)
)
Package grfext Info: Graphics extension search list:
(grfext)             [.png,.pdf,.jpg,.mps,.jpeg,.jbig2,.jb2,.PNG,.PDF,.JPG,.JPE
G,.JBIG2,.JB2,.eps]
(grfext)             \AppendGraphicsExtensions on input line 452.

(/usr/share/texlive/texmf-dist/tex/latex/latexconfig/epstopdf-sys.cfg
File: epstopdf-sys.cfg 2010/07/13 v1.3 Configuration of (r)epstopdf for TeX Liv
e
))
\AtBeginShipoutBox=\box31
Package hyperref Info: Link coloring ON on input line 38.

(/usr/share/texlive/texmf-dist/tex/latex/hyperref/nameref.sty
Package: nameref 2012/10/27 v2.43 Cross-referencing by name of section

(/usr/share/texlive/texmf-dist/tex/generic/oberdiek/gettitlestring.sty
Package: gettitlestring 2010/12/03 v1.4 Cleanup title references (HO)
)
\c@section@level=\count122
)
LaTeX Info: Redefining \ref on input line 38.
LaTeX Info: Redefining \pageref on input line 38.
LaTeX Info: Redefining \nameref on input line 38.

(../output/midterm_report//mid_report.out)
(../output/midterm_report//mid_report.out)
\@outlinefile=\write5
\openout5 = `mid_report.out'.


*geometry* driver: auto-detecting
*geometry* detected driver: pdftex
*geometry* verbose mode - [ preamble ] result:
* driver: pdftex
* paper: <default>
* layout: <same size as paper>
* layoutoffset:(h,v)=(0.0pt,0.0pt)
* modes: 
* h-part:(L,W,R)=(71.13188pt, 500.484pt, 42.67912pt)
* v-part:(T,H,B)=(71.13188pt, 681.15898pt, 42.67912pt)
* \paperwidth=614.295pt
* \paperheight=794.96999pt
* \textwidth=500.484pt
* \textheight=681.15898pt
* \oddsidemargin=-1.1381pt
* \evensidemargin=-1.1381pt
* \topmargin=-38.1381pt
* \headheight=12.0pt
* \headsep=25.0pt
* \topskip=12.0pt
* \footskip=30.0pt
* \marginparwidth=44.0pt
* \marginparsep=10.0pt
* \columnsep=10.0pt
* \skip\footins=10.8pt plus 4.0pt minus 2.0pt
* \hoffset=0.0pt
* \voffset=0.0pt
* \mag=1000
* \@twocolumnfalse
* \@twosidefalse
* \@mparswitchfalse
* \@reversemarginfalse
* (1in=72.27pt=25.4mm, 1cm=28.453pt)

(./input/titlepage.tex) Excluding 'screen' comment.
<images/gne.png, id=192, 618.31pt x 678.535pt>
File: images/gne.png Graphic file (type png)
 <use images/gne.png>
Package pdftex.def Info: images/gne.png used on input line 46.
(pdftex.def)             Requested size: 98.93161pt x 108.56781pt.
LaTeX Font Info:    Try loading font information for U+msa on input line 46.

(/usr/share/texlive/texmf-dist/tex/latex/amsfonts/umsa.fd
File: umsa.fd 2013/01/14 v3.01 AMS symbols A
)
LaTeX Font Info:    Try loading font information for U+msb on input line 46.

(/usr/share/texlive/texmf-dist/tex/latex/amsfonts/umsb.fd
File: umsb.fd 2013/01/14 v3.01 AMS symbols B
) [1

{/var/lib/texmf/fonts/map/pdftex/updmap/pdftex.map} <./images/gne.png>] (./inpu
t/abstract.tex
Underfull \hbox (badness 10000) in paragraph at lines 6--7

 []


Underfull \hbox (badness 10000) in paragraph at lines 8--9

 []

)

Package Fancyhdr Warning: \headheight is too small (12.0pt): 
 Make it at least 14.49998pt.
 We now make it that large for the rest of the document.
 This may cause the page layout to be inconsistent, however.

[1] (./input/acknowledgement.tex
Underfull \hbox (badness 10000) in paragraph at lines 5--6

 []


Underfull \hbox (badness 10000) in paragraph at lines 7--8

 []


Underfull \hbox (badness 10000) in paragraph at lines 9--10

 []


Underfull \hbox (badness 10000) in paragraph at lines 11--12

 []


Underfull \hbox (badness 10000) in paragraph at lines 13--14

 []


Underfull \hbox (badness 10000) in paragraph at lines 15--16

 []

)

Package Fancyhdr Warning: \headheight is too small (12.0pt): 
 Make it at least 14.49998pt.
 We now make it that large for the rest of the document.
 This may cause the page layout to be inconsistent, however.

[2] (../output/midterm_report//mid_report.toc [3

])
\tf@toc=\write6
\openout6 = `mid_report.toc'.



Package Fancyhdr Warning: \headheight is too small (12.0pt): 
 Make it at least 14.49998pt.
 We now make it that large for the rest of the document.
 This may cause the page layout to be inconsistent, however.

[4] (../output/midterm_report//mid_report.lof)
\tf@lof=\write7
\openout7 = `mid_report.lof'.

 [5

] (./input/chapterOne.tex
Chapter 1.
<images/company.jpg, id=322, 515.9275pt x 398.48875pt>
File: images/company.jpg Graphic file (type jpg)

<use images/company.jpg>
Package pdftex.def Info: images/company.jpg used on input line 4.
(pdftex.def)             Requested size: 252.94052pt x 216.81027pt.
LaTeX Font Info:    Try loading font information for OMS+cmr on input line 10.

(/usr/share/texlive/texmf-dist/tex/latex/base/omscmr.fd
File: omscmr.fd 1999/05/25 v2.5h Standard LaTeX font definitions
)
LaTeX Font Info:    Font shape `OMS/cmr/m/n' in size <12> not available
(Font)              Font shape `OMS/cmsy/m/n' tried instead on input line 10.
pdfTeX warning (ext4): destination with the same identifier (name{page.1}) has 
been already used, duplicate ignored
<to be read again> 
                   \relax 
l.19 	\item A
             pproximately 43,200 employees. [1

pdfTeX warning (ext4): destination with the same identifier (name{figure.1.1}) 
has been already used, duplicate ignored

\AtBegShi@Output ...ipout \box \AtBeginShipoutBox 
                                                  \fi \fi 
l.19 	\item A
             pproximately 43,200 employees. <./images/company.jpg>])

Package Fancyhdr Warning: \headheight is too small (12.0pt): 
 Make it at least 14.49998pt.
 We now make it that large for the rest of the document.
 This may cause the page layout to be inconsistent, however.

[2] (./input/chapterTwo.tex
Chapter 2.
(./input/sections/overview.tex) (./input/sections/existing_systems.tex [3

]
<images/bluefritz_usb.png, id=337, 137.7647pt x 96.36pt>
File: images/bluefritz_usb.png Graphic file (type png)

<use images/bluefritz_usb.png>
Package pdftex.def Info: images/bluefritz_usb.png used on input line 7.
(pdftex.def)             Requested size: 68.88217pt x 48.17987pt.
Missing character: There is no ¬ in font cmr12!
Missing character: There is no † in font cmr12!
Missing character: There is no ¬ in font cmr12!
Missing character: There is no † in font cmr12!
Missing character: There is no ¬ in font cmr12!
Missing character: There is no † in font cmr12!
Missing character: There is no ¬ in font cmr12!
Missing character: There is no † in font cmr12!

<images/qualcomm_atheros.png, id=338, 374.39874pt x 173.64874pt>
File: images/qualcomm_atheros.png Graphic file (type png)

<use images/qualcomm_atheros.png>
Package pdftex.def Info: images/qualcomm_atheros.png used on input line 14.
(pdftex.def)             Requested size: 252.94818pt x 216.81927pt.
Missing character: There is no ‚ in font cmr12!
Missing character: There is no Ä in font cmr12!
Missing character: There is no ô in font cmr12!


Package Fancyhdr Warning: \headheight is too small (12.0pt): 
 Make it at least 14.49998pt.
 We now make it that large for the rest of the document.
 This may cause the page layout to be inconsistent, however.

[4pdfTeX warning (ext4): destination with the same identifier (name{figure.2.1}
) has been already used, duplicate ignored

\AtBegShi@Output ...ipout \box \AtBeginShipoutBox 
                                                  \fi \fi 
l.18 \subsection
                {Intel Bluetooth Devices} <./images/bluefritz_usb.png>]
Missing character: There is no ‚ in font cmr12!
Missing character: There is no Ä in font cmr12!
Missing character: There is no ô in font cmr12!

<images/intel_bluetooth.png, id=344, 301.125pt x 206.7725pt>
File: images/intel_bluetooth.png Graphic file (type png)

<use images/intel_bluetooth.png>
Package pdftex.def Info: images/intel_bluetooth.png used on input line 26.
(pdftex.def)             Requested size: 252.95705pt x 216.81464pt.


Package Fancyhdr Warning: \headheight is too small (12.0pt): 
 Make it at least 14.49998pt.
 We now make it that large for the rest of the document.
 This may cause the page layout to be inconsistent, however.

[5pdfTeX warning (ext4): destination with the same identifier (name{figure.2.2}
) has been already used, duplicate ignored

\AtBegShi@Output ...ipout \box \AtBeginShipoutBox 
                                                  \fi \fi 
l.29 \subsection
                {Broadcom Blutonium} <./images/qualcomm_atheros.png>]
Missing character: There is no ‚ in font cmr12!
Missing character: There is no Ä in font cmr12!
Missing character: There is no ô in font cmr12!

<images/broadcom_blutonium.png, id=350, 401.5pt x 401.5pt>
File: images/broadcom_blutonium.png Graphic file (type png)

<use images/broadcom_blutonium.png>
Package pdftex.def Info: images/broadcom_blutonium.png used on input line 33.
(pdftex.def)             Requested size: 252.95245pt x 216.81288pt.


Package Fancyhdr Warning: \headheight is too small (12.0pt): 
 Make it at least 14.49998pt.
 We now make it that large for the rest of the document.
 This may cause the page layout to be inconsistent, however.

[6pdfTeX warning (ext4): destination with the same identifier (name{figure.2.3}
) has been already used, duplicate ignored

\AtBegShi@Output ...ipout \box \AtBeginShipoutBox 
                                                  \fi \fi 
l.36 \subsection
                {Marvell Bluetooth}pdfTeX warning (ext4): destination with the 
same identifier (name{figure.2.4}) has been already used, duplicate ignored

\AtBegShi@Output ...ipout \box \AtBeginShipoutBox 
                                                  \fi \fi 
l.36 \subsection
                {Marvell Bluetooth} <./images/intel_bluetooth.png> <./images/br
oadcom_blutonium.png>]
Missing character: There is no ‚ in font cmr12!
Missing character: There is no Ä in font cmr12!
Missing character: There is no ô in font cmr12!

<images/marvell_bluetooth.png, id=356, 321.2pt x 262.9825pt>
File: images/marvell_bluetooth.png Graphic file (type png)

<use images/marvell_bluetooth.png>
Package pdftex.def Info: images/marvell_bluetooth.png used on input line 41.
(pdftex.def)             Requested size: 252.95123pt x 216.81876pt.
Missing character: There is no ‚ in font cmr12!
Missing character: There is no Ä in font cmr12!
Missing character: There is no ô in font cmr12!
Missing character: There is no ‚ in font cmr12!
Missing character: There is no Ä in font cmr12!
Missing character: There is no ô in font cmr12!

<images/3com_bluetooth.png, id=357, 154.176pt x 108.6459pt>
File: images/3com_bluetooth.png Graphic file (type png)

<use images/3com_bluetooth.png>
Package pdftex.def Info: images/3com_bluetooth.png used on input line 49.
(pdftex.def)             Requested size: 252.94904pt x 216.81874pt.


Package Fancyhdr Warning: \headheight is too small (12.0pt): 
 Make it at least 14.49998pt.
 We now make it that large for the rest of the document.
 This may cause the page layout to be inconsistent, however.

[7pdfTeX warning (ext4): destination with the same identifier (name{figure.2.5}
) has been already used, duplicate ignored

\AtBegShi@Output ...ipout \box \AtBeginShipoutBox 
                                                  \fi \fi 
l.52 \subsection
                {Texas Instrument Dual-mode Bluetooth CC2564 Module} <./images/
marvell_bluetooth.png>]

Package Fancyhdr Warning: \headheight is too small (12.0pt): 
 Make it at least 14.49998pt.
 We now make it that large for the rest of the document.
 This may cause the page layout to be inconsistent, however.

[8pdfTeX warning (ext4): destination with the same identifier (name{figure.2.6}
) has been already used, duplicate ignored

\AtBegShi@Output ...ipout \box \AtBeginShipoutBox 
                                                  \fi \fi 
l.69 		\item M
              SP-EXP430F5529 <./images/3com_bluetooth.png>])
(./input/sections/requirement_analysis.tex)
(./input/sections/feasibility_study.tex

Package Fancyhdr Warning: \headheight is too small (12.0pt): 
 Make it at least 14.49998pt.
 We now make it that large for the rest of the document.
 This may cause the page layout to be inconsistent, however.

[9]
Overfull \hbox (18.91373pt too wide) in paragraph at lines 5--5
[]\OT1/cmr/bx/n/14.4 Does Linux sup-ports what Blu-eNRG uses to com-mu-ni-cate 
through? 
 []

Missing character: There is no ‚ in font cmr12!
Missing character: There is no Ä in font cmr12!
Missing character: There is no ô in font cmr12!
) (./input/sections/objectives_of_the_project.tex

Package Fancyhdr Warning: \headheight is too small (12.0pt): 
 Make it at least 14.49998pt.
 We now make it that large for the rest of the document.
 This may cause the page layout to be inconsistent, however.

[10]))

Package Fancyhdr Warning: \headheight is too small (12.0pt): 
 Make it at least 14.49998pt.
 We now make it that large for the rest of the document.
 This may cause the page layout to be inconsistent, however.

[11] (./input/mid_chapterThree.tex
Chapter 3.
(./input/sections/product_functions.tex
<images/device_configuration.png, id=379, 512.91624pt x 200.75pt>
File: images/device_configuration.png Graphic file (type png)

<use images/device_configuration.png>
Package pdftex.def Info: images/device_configuration.png used on input line 13.

(pdftex.def)             Requested size: 256.45749pt x 100.37474pt.
 [12

pdfTeX warning (ext4): destination with the same identifier (name{figure.3.1}) 
has been already used, duplicate ignored

\AtBegShi@Output ...ipout \box \AtBeginShipoutBox 
                                                  \fi \fi 
l.18 \begin{enumerate}
                       <./images/device_configuration.png>]
Missing character: There is no ‚ in font cmr12!
Missing character: There is no Ä in font cmr12!
Missing character: There is no ô in font cmr12!
Missing character: There is no ‚ in font cmr12!
Missing character: There is no Ä in font cmr12!
Missing character: There is no ô in font cmr12!

<images/broadcast_topology.png, id=384, 1299.85625pt x 659.46375pt>
File: images/broadcast_topology.png Graphic file (type png)

<use images/broadcast_topology.png>
Package pdftex.def Info: images/broadcast_topology.png used on input line 37.
(pdftex.def)             Requested size: 252.94534pt x 216.80864pt.

<images/connected_topology.png, id=385, 1303.87125pt x 658.46pt>
File: images/connected_topology.png Graphic file (type png)

<use images/connected_topology.png>
Package pdftex.def Info: images/connected_topology.png used on input line 46.
(pdftex.def)             Requested size: 252.93082pt x 216.8102pt.


Package Fancyhdr Warning: \headheight is too small (12.0pt): 
 Make it at least 14.49998pt.
 We now make it that large for the rest of the document.
 This may cause the page layout to be inconsistent, however.

[13] <images/mixed_topology.png, id=398, 1482.53876pt x 772.8875pt>
File: images/mixed_topology.png Graphic file (type png)

<use images/mixed_topology.png>
Package pdftex.def Info: images/mixed_topology.png used on input line 53.
(pdftex.def)             Requested size: 252.93312pt x 216.80798pt.


Package Fancyhdr Warning: \headheight is too small (12.0pt): 
 Make it at least 14.49998pt.
 We now make it that large for the rest of the document.
 This may cause the page layout to be inconsistent, however.

[14pdfTeX warning (ext4): destination with the same identifier (name{figure.3.2
}) has been already used, duplicate ignored

\AtBegShi@Output ...ipout \box \AtBeginShipoutBox 
                                                  \fi \fi 
l.56 \subsubsection
                   {BLE Architecture}pdfTeX warning (ext4): destination with th
e same identifier (name{figure.3.3}) has been already used, duplicate ignored

\AtBegShi@Output ...ipout \box \AtBeginShipoutBox 
                                                  \fi \fi 
l.56 \subsubsection
                   {BLE Architecture} <./images/broadcast_topology.png> <./imag
es/connected_topology.png>]
<images/ble_architecture.png, id=406, 1366.10374pt x 1080.035pt>
File: images/ble_architecture.png Graphic file (type png)

<use images/ble_architecture.png>
Package pdftex.def Info: images/ble_architecture.png used on input line 67.
(pdftex.def)             Requested size: 273.21591pt x 216.00317pt.


Package Fancyhdr Warning: \headheight is too small (12.0pt): 
 Make it at least 14.49998pt.
 We now make it that large for the rest of the document.
 This may cause the page layout to be inconsistent, however.

[15pdfTeX warning (ext4): destination with the same identifier (name{figure.3.4
}) has been already used, duplicate ignored

\AtBegShi@Output ...ipout \box \AtBeginShipoutBox 
                                                  \fi \fi 
l.75 	\item \textbf
                   {Dual IC with connectivity device}: One IC runs the appli...
 <./images/mixed_topology.png>]
<images/chip_count.png, id=416, 1556.81625pt x 704.6325pt>
File: images/chip_count.png Graphic file (type png)

<use images/chip_count.png>
Package pdftex.def Info: images/chip_count.png used on input line 79.
(pdftex.def)             Requested size: 311.35774pt x 140.924pt.


Package Fancyhdr Warning: \headheight is too small (12.0pt): 
 Make it at least 14.49998pt.
 We now make it that large for the rest of the document.
 This may cause the page layout to be inconsistent, however.

[16pdfTeX warning (ext4): destination with the same identifier (name{figure.3.5
}) has been already used, duplicate ignored

\AtBegShi@Output ...ipout \box \AtBeginShipoutBox 
                                                  \fi \fi 
l.87 	\item \textbf
                   {The Application Layer}pdfTeX warning (ext4): destination wi
th the same identifier (name{figure.3.6}) has been already used, duplicate igno
red

\AtBegShi@Output ...ipout \box \AtBeginShipoutBox 
                                                  \fi \fi 
l.87 	\item \textbf
                   {The Application Layer} <./images/ble_architecture.png> <./i
mages/chip_count.png>]
<images/physical_channel.png, id=425, 1556.81625pt x 474.77374pt>
File: images/physical_channel.png Graphic file (type png)

<use images/physical_channel.png>
Package pdftex.def Info: images/physical_channel.png used on input line 99.
(pdftex.def)             Requested size: 467.04848pt x 142.43321pt.


Package Fancyhdr Warning: \headheight is too small (12.0pt): 
 Make it at least 14.49998pt.
 We now make it that large for the rest of the document.
 This may cause the page layout to be inconsistent, however.

[17pdfTeX warning (ext4): destination with the same identifier (name{figure.3.7
}) has been already used, duplicate ignored

\AtBegShi@Output ...ipout \box \AtBeginShipoutBox 
                                                  \fi \fi 
l.108 	\item \textbf
                     {Master}: A device that initiates a connection and mana...
 <./images/physical_channel.png>]
Missing character: There is no ‚ in font cmr12!
Missing character: There is no Ä in font cmr12!
Missing character: There is no ô in font cmr12!

<images/advertising_scanning.png, id=437, 1528.71124pt x 741.77126pt>
File: images/advertising_scanning.png Graphic file (type png)

<use images/advertising_scanning.png>
Package pdftex.def Info: images/advertising_scanning.png used on input line 128
.
(pdftex.def)             Requested size: 305.73683pt x 148.35162pt.

<images/advertising_packet_types.png, id=438, 697.60625pt x 164.615pt>
File: images/advertising_packet_types.png Graphic file (type png)

<use images/advertising_packet_types.png>
Package pdftex.def Info: images/advertising_packet_types.png used on input line
 134.
(pdftex.def)             Requested size: 348.80226pt x 82.3073pt.

<images/connection_event.png, id=439, 1325.95375pt x 564.1075pt>
File: images/connection_event.png Graphic file (type png)

<use images/connection_event.png>
Package pdftex.def Info: images/connection_event.png used on input line 141.
(pdftex.def)             Requested size: 464.09077pt x 197.44057pt.


Package Fancyhdr Warning: \headheight is too small (12.0pt): 
 Make it at least 14.49998pt.
 We now make it that large for the rest of the document.
 This may cause the page layout to be inconsistent, however.

[18]

Package Fancyhdr Warning: \headheight is too small (12.0pt): 
 Make it at least 14.49998pt.
 We now make it that large for the rest of the document.
 This may cause the page layout to be inconsistent, however.

[19pdfTeX warning (ext4): destination with the same identifier (name{figure.3.8
}) has been already used, duplicate ignored

\AtBegShi@Output ...ipout \box \AtBeginShipoutBox 
                                                  \fi \fi 
l.158 \end{itemize}
                   pdfTeX warning (ext4): destination with the same identifier 
(name{figure.3.9}) has been already used, duplicate ignored

\AtBegShi@Output ...ipout \box \AtBeginShipoutBox 
                                                  \fi \fi 
l.158 \end{itemize}
                    <./images/advertising_scanning.png> <./images/advertising_p
acket_types.png>]

Package Fancyhdr Warning: \headheight is too small (12.0pt): 
 Make it at least 14.49998pt.
 We now make it that large for the rest of the document.
 This may cause the page layout to be inconsistent, however.

[20pdfTeX warning (ext4): destination with the same identifier (name{figure.3.1
0}) has been already used, duplicate ignored

\AtBegShi@Output ...ipout \box \AtBeginShipoutBox 
                                                  \fi \fi 
l.171 \subparagraph
                   {SM Security Procedures} <./images/connection_event.png>]

Package Fancyhdr Warning: \headheight is too small (12.0pt): 
 Make it at least 14.49998pt.
 We now make it that large for the rest of the document.
 This may cause the page layout to be inconsistent, however.

[21]

Package Fancyhdr Warning: \headheight is too small (12.0pt): 
 Make it at least 14.49998pt.
 We now make it that large for the rest of the document.
 This may cause the page layout to be inconsistent, however.

[22] <images/gatt_server.png, id=506, 856.19875pt x 1199.48125pt>
File: images/gatt_server.png Graphic file (type png)

<use images/gatt_server.png>
Package pdftex.def Info: images/gatt_server.png used on input line 231.
(pdftex.def)             Requested size: 171.23671pt x 239.892pt.


Package Fancyhdr Warning: \headheight is too small (12.0pt): 
 Make it at least 14.49998pt.
 We now make it that large for the rest of the document.
 This may cause the page layout to be inconsistent, however.

[23pdfTeX warning (ext4): destination with the same identifier (name{figure.3.1
1}) has been already used, duplicate ignored

\AtBegShi@Output ...ipout \box \AtBeginShipoutBox 
                                                  \fi \fi 
l.242 \subparagraph
                   {GATT operations} <./images/gatt_server.png>])
(./input/sections/mid_assumptions_and_dependencies.tex
(./input/sections/subsections/bluez_the_official_linux_bluetooth_stack.tex
<images/bluez_intro.png, id=519, 273.02pt x 185.69376pt>
File: images/bluez_intro.png Graphic file (type png)

<use images/bluez_intro.png>
Package pdftex.def Info: images/bluez_intro.png used on input line 5.
(pdftex.def)             Requested size: 252.9478pt x 216.81596pt.


Package Fancyhdr Warning: \headheight is too small (12.0pt): 
 Make it at least 14.49998pt.
 We now make it that large for the rest of the document.
 This may cause the page layout to be inconsistent, however.

[24]

Package Fancyhdr Warning: \headheight is too small (12.0pt): 
 Make it at least 14.49998pt.
 We now make it that large for the rest of the document.
 This may cause the page layout to be inconsistent, however.

[25pdfTeX warning (ext4): destination with the same identifier (name{figure.3.1
2}) has been already used, duplicate ignored

\AtBegShi@Output ...ipout \box \AtBeginShipoutBox 
                                                  \fi \fi 
l.17 \end{enumerate}
                     <./images/bluez_intro.png>]
<images/bluetooth_stack.png, id=539, 400.49625pt x 369.38pt>
File: images/bluetooth_stack.png Graphic file (type png)

<use images/bluetooth_stack.png>
Package pdftex.def Info: images/bluetooth_stack.png used on input line 21.
(pdftex.def)             Requested size: 200.24763pt x 184.68954pt.

<images/kernel_userspace.png, id=540, 473.77pt x 260.975pt>
File: images/kernel_userspace.png Graphic file (type png)

<use images/kernel_userspace.png>
Package pdftex.def Info: images/kernel_userspace.png used on input line 27.
(pdftex.def)             Requested size: 252.94034pt x 216.81229pt.


Package Fancyhdr Warning: \headheight is too small (12.0pt): 
 Make it at least 14.49998pt.
 We now make it that large for the rest of the document.
 This may cause the page layout to be inconsistent, however.

[26pdfTeX warning (ext4): destination with the same identifier (name{figure.3.1
3}) has been already used, duplicate ignored

\AtBegShi@Output ...ipout \box \AtBeginShipoutBox 
                                                  \fi \fi 
l.36 	\item P
             rovides socket based interfaces to user spacepdfTeX warning (ext4)
: destination with the same identifier (name{figure.3.14}) has been already use
d, duplicate ignored

\AtBegShi@Output ...ipout \box \AtBeginShipoutBox 
                                                  \fi \fi 
l.36 	\item P
             rovides socket based interfaces to user space <./images/bluetooth_
stack.png (PNG copy)> <./images/kernel_userspace.png (PNG copy)>]
Overfull \hbox (32.06671pt too wide) in paragraph at lines 42--43
\OT1/cmr/m/n/12 The source for the user-space side of Blue can be ne ob-tained 
from \OT1/cmr/bx/n/12 http://www.bluez.org/download/\OT1/cmr/m/n/12 .
 []

Missing character: There is no ‚ in font cmr12!
Missing character: There is no Ä in font cmr12!
Missing character: There is no ì in font cmr12!
<images/whole_bluez.png, id=546, 1071.00125pt x 508.90125pt>
File: images/whole_bluez.png Graphic file (type png)

<use images/whole_bluez.png>
Package pdftex.def Info: images/whole_bluez.png used on input line 67.
(pdftex.def)             Requested size: 252.94366pt x 216.81209pt.
)))

Package Fancyhdr Warning: \headheight is too small (12.0pt): 
 Make it at least 14.49998pt.
 We now make it that large for the rest of the document.
 This may cause the page layout to be inconsistent, however.

[27] (./input/mid_chapterFour.tex

Package Fancyhdr Warning: \headheight is too small (12.0pt): 
 Make it at least 14.49998pt.
 We now make it that large for the rest of the document.
 This may cause the page layout to be inconsistent, however.

[28pdfTeX warning (ext4): destination with the same identifier (name{figure.3.1
5}) has been already used, duplicate ignored

\AtBegShi@Output ...ipout \box \AtBeginShipoutBox 
                                                  \fi \fi 
l.1 \chapter
            {Initial Development} <./images/whole_bluez.png (PNG copy)>]
Chapter 4.
(./input/sections/the_linux_kernel.tex
Missing character: There is no ¬ in font cmr12!
Missing character: There is no † in font cmr12!
Missing character: There is no ¬ in font cmr12!
Missing character: There is no † in font cmr12!
Missing character: There is no ¬ in font cmr12!
Missing character: There is no † in font cmr12!
Missing character: There is no ¬ in font cmr12!
Missing character: There is no † in font cmr12!
Missing character: There is no ¬ in font cmr12!
Missing character: There is no † in font cmr12!
Missing character: There is no ‚ in font cmr12!
Missing character: There is no Ä in font cmr12!
Missing character: There is no ú in font cmr12!
Missing character: There is no ‚ in font cmr12!
Missing character: There is no Ä in font cmr12!
Missing character: There is no ù in font cmr12!
Missing character: There is no ¬ in font cmr12!
Missing character: There is no † in font cmr12!
Missing character: There is no ¬ in font cmr12!
Missing character: There is no † in font cmr12!
 [29

]
Missing character: There is no ‚ in font cmr12!
Missing character: There is no Ä in font cmr12!
Missing character: There is no ú in font cmr12!
Missing character: There is no ‚ in font cmr12!
Missing character: There is no Ä in font cmr12!
Missing character: There is no ù in font cmr12!
Missing character: There is no ¬ in font cmr12!
Missing character: There is no † in font cmr12!
Missing character: There is no ¬ in font cmr12!
Missing character: There is no † in font cmr12!
Missing character: There is no ¬ in font cmr12!
Missing character: There is no † in font cmr12!
Missing character: There is no ¬ in font cmr12!
Missing character: There is no † in font cmr12!
Missing character: There is no ¬ in font cmr12!
Missing character: There is no † in font cmr12!
Missing character: There is no ¬ in font cmr12!
Missing character: There is no † in font cmr12!
Missing character: There is no ¬ in font cmr12!
Missing character: There is no † in font cmr12!
Missing character: There is no ¬ in font cmr12!
Missing character: There is no † in font cmr12!
Missing character: There is no ¬ in font cmr12!
Missing character: There is no † in font cmr12!
Missing character: There is no ¬ in font cmr12!
Missing character: There is no † in font cmr12!
Missing character: There is no ¬ in font cmr12!
Missing character: There is no † in font cmr12!
Missing character: There is no ‚ in font cmr12!
Missing character: There is no Ä in font cmr12!
Missing character: There is no ú in font cmr12!
Missing character: There is no ‚ in font cmr12!
Missing character: There is no Ä in font cmr12!
Missing character: There is no ù in font cmr12!


Package Fancyhdr Warning: \headheight is too small (12.0pt): 
 Make it at least 14.49998pt.
 We now make it that large for the rest of the document.
 This may cause the page layout to be inconsistent, however.

[30]

Package Fancyhdr Warning: \headheight is too small (12.0pt): 
 Make it at least 14.49998pt.
 We now make it that large for the rest of the document.
 This may cause the page layout to be inconsistent, however.

[31]

Package Fancyhdr Warning: \headheight is too small (12.0pt): 
 Make it at least 14.49998pt.
 We now make it that large for the rest of the document.
 This may cause the page layout to be inconsistent, however.

[32]

Package Fancyhdr Warning: \headheight is too small (12.0pt): 
 Make it at least 14.49998pt.
 We now make it that large for the rest of the document.
 This may cause the page layout to be inconsistent, however.

[33]) (./input/sections/the_c_programming_language.tex)
(./input/sections/mid_development_boards.tex
(./input/sections/subsections/beaglebone_black.tex

Package Fancyhdr Warning: \headheight is too small (12.0pt): 
 Make it at least 14.49998pt.
 We now make it that large for the rest of the document.
 This may cause the page layout to be inconsistent, however.

[34] <images/beaglebone_black.png, id=581, 457.71pt x 412.54124pt>
File: images/beaglebone_black.png Graphic file (type png)

<use images/beaglebone_black.png>
Package pdftex.def Info: images/beaglebone_black.png used on input line 6.
(pdftex.def)             Requested size: 252.94254pt x 216.81401pt.
)) (./input/sections/tools_used.tex
<images/buildroot.png, id=582, 668.4975pt x 462.72874pt>
File: images/buildroot.png Graphic file (type png)

<use images/buildroot.png>
Package pdftex.def Info: images/buildroot.png used on input line 9.
(pdftex.def)             Requested size: 252.94023pt x 216.81177pt.


Package Fancyhdr Warning: \headheight is too small (12.0pt): 
 Make it at least 14.49998pt.
 We now make it that large for the rest of the document.
 This may cause the page layout to be inconsistent, however.

[35pdfTeX warning (ext4): destination with the same identifier (name{figure.4.1
}) has been already used, duplicate ignored

\AtBegShi@Output ...ipout \box \AtBeginShipoutBox 
                                                  \fi \fi 
l.12 \subsection
                {Cscope} <./images/beaglebone_black.png>]

Package Fancyhdr Warning: \headheight is too small (12.0pt): 
 Make it at least 14.49998pt.
 We now make it that large for the rest of the document.
 This may cause the page layout to be inconsistent, however.

[36]
Missing character: There is no ‚ in font cmr12!
Missing character: There is no Ä in font cmr12!
Missing character: There is no ô in font cmr12!
 <images/cscope.png, id=591, 540.16237pt x 409.0333pt>
File: images/cscope.png Graphic file (type png)

<use images/cscope.png>
Package pdftex.def Info: images/cscope.png used on input line 21.
(pdftex.def)             Requested size: 270.08052pt x 204.51614pt.
))

Package Fancyhdr Warning: \headheight is too small (12.0pt): 
 Make it at least 14.49998pt.
 We now make it that large for the rest of the document.
 This may cause the page layout to be inconsistent, however.

[37pdfTeX warning (ext4): destination with the same identifier (name{figure.4.2
}) has been already used, duplicate ignored

\AtBegShi@Output ...ipout \box \AtBeginShipoutBox 
                                                  \fi \fi 
l.80 	\newpage
               <./images/buildroot.png>]

Package Fancyhdr Warning: \headheight is too small (12.0pt): 
 Make it at least 14.49998pt.
 We now make it that large for the rest of the document.
 This may cause the page layout to be inconsistent, however.

[38pdfTeX warning (ext4): destination with the same identifier (name{figure.4.3
}) has been already used, duplicate ignored

\AtBegShi@Output ...ipout \box \AtBeginShipoutBox 
                                                  \fi \fi 
l.80 	\newpage
               <./images/cscope.png>] (./input/references.tex
Underfull \hbox (badness 10000) in paragraph at lines 17--18
[]\OT1/cmr/m/n/12 https://en.wikipedia.org/wiki/Bluetooth[]low[]energy#/media/F
ile:Heckert[]GNU[]white.svg.
 []

) AED: lastpage setting LastPage [39

pdfTeX warning (ext4): destination with the same identifier (name{cite.}) has b
een already used, duplicate ignored

\AtBegShi@Output ...ipout \box \AtBeginShipoutBox 
                                                  \fi \fi 
l.86 \end{document}
                   pdfTeX warning (ext4): destination with the same identifier 
(name{cite.}) has been already used, duplicate ignored

\AtBegShi@Output ...ipout \box \AtBeginShipoutBox 
                                                  \fi \fi 
l.86 \end{document}
                   pdfTeX warning (ext4): destination with the same identifier 
(name{cite.}) has been already used, duplicate ignored

\AtBegShi@Output ...ipout \box \AtBeginShipoutBox 
                                                  \fi \fi 
l.86 \end{document}
                   pdfTeX warning (ext4): destination with the same identifier 
(name{cite.}) has been already used, duplicate ignored

\AtBegShi@Output ...ipout \box \AtBeginShipoutBox 
                                                  \fi \fi 
l.86 \end{document}
                   pdfTeX warning (ext4): destination with the same identifier 
(name{cite.}) has been already used, duplicate ignored

\AtBegShi@Output ...ipout \box \AtBeginShipoutBox 
                                                  \fi \fi 
l.86 \end{document}
                   pdfTeX warning (ext4): destination with the same identifier 
(name{cite.}) has been already used, duplicate ignored

\AtBegShi@Output ...ipout \box \AtBeginShipoutBox 
                                                  \fi \fi 
l.86 \end{document}
                   pdfTeX warning (ext4): destination with the same identifier 
(name{cite.}) has been already used, duplicate ignored

\AtBegShi@Output ...ipout \box \AtBeginShipoutBox 
                                                  \fi \fi 
l.86 \end{document}
                   ]
Package atveryend Info: Empty hook `BeforeClearDocument' on input line 86.
Package atveryend Info: Empty hook `AfterLastShipout' on input line 86.
 (../output/midterm_report//mid_report.aux)
Package atveryend Info: Executing hook `AtVeryEndDocument' on input line 86.
Package atveryend Info: Executing hook `AtEndAfterFileList' on input line 86.
Package rerunfilecheck Info: File `mid_report.out' has not changed.
(rerunfilecheck)             Checksum: <no file>.


LaTeX Warning: There were multiply-defined labels.

Package atveryend Info: Empty hook `AtVeryVeryEnd' on input line 86.
 ) 
Here is how much of TeX's memory you used:
 8002 strings out of 493304
 114840 string characters out of 6139872
 294775 words of memory out of 5000000
 11059 multiletter control sequences out of 15000+600000
 14275 words of font info for 53 fonts, out of 8000000 for 9000
 957 hyphenation exceptions out of 8191
 36i,11n,43p,1514b,478s stack positions out of 5000i,500n,10000p,200000b,80000s
</usr/share/texlive/texmf-dist/fonts/type1/public/amsfonts/cm/cmbx12.pfb></us
r/share/texlive/texmf-dist/fonts/type1/public/amsfonts/cm/cmbx6.pfb></usr/share
/texlive/texmf-dist/fonts/type1/public/amsfonts/cm/cmr12.pfb></usr/share/texliv
e/texmf-dist/fonts/type1/public/amsfonts/cm/cmr17.pfb></usr/share/texlive/texmf
-dist/fonts/type1/public/amsfonts/cm/cmsl12.pfb></usr/share/texlive/texmf-dist/
fonts/type1/public/amsfonts/cm/cmss17.pfb></usr/share/texlive/texmf-dist/fonts/
type1/public/amsfonts/cm/cmsy10.pfb></usr/share/texlive/texmf-dist/fonts/type1/
public/amsfonts/cm/cmti12.pfb>
Output written on ../output/midterm_report//mid_report.pdf (45 pages, 1748205 b
ytes).
PDF statistics:
 678 PDF objects out of 1000 (max. 8388607)
 579 compressed objects within 6 object streams
 196 named destinations out of 1000 (max. 500000)
 507 words of extra memory for PDF output out of 10000 (max. 10000000)

