\BOOKMARK [0][]{chapter.1}{Introduction to Organiztion}{}% 1
\BOOKMARK [0][]{chapter.2}{Introduction to Project}{}% 2
\BOOKMARK [1][]{section.2.1}{Overview}{chapter.2}% 3
\BOOKMARK [1][]{section.2.2}{Existing Systems}{chapter.2}% 4
\BOOKMARK [2][]{subsection.2.2.1}{BlueFritz USB Bluetooth adapter}{section.2.2}% 5
\BOOKMARK [2][]{subsection.2.2.2}{Qualcomm Atheros chips}{section.2.2}% 6
\BOOKMARK [2][]{subsection.2.2.3}{Intel Bluetooth Devices}{section.2.2}% 7
\BOOKMARK [2][]{subsection.2.2.4}{Broadcom Blutonium}{section.2.2}% 8
\BOOKMARK [2][]{subsection.2.2.5}{Marvell Bluetooth}{section.2.2}% 9
\BOOKMARK [2][]{subsection.2.2.6}{3Com Bluetooth PCMCIA Card}{section.2.2}% 10
\BOOKMARK [2][]{subsection.2.2.7}{Texas Instrument Dual-mode Bluetooth CC2564 Module}{section.2.2}% 11
\BOOKMARK [1][]{section.2.3}{Requirement Analysis}{chapter.2}% 12
\BOOKMARK [1][]{section.2.4}{Feasibility Study}{chapter.2}% 13
\BOOKMARK [2][]{subsection.2.4.1}{ Does BlueNRG support what Bluez offers?}{section.2.4}% 14
\BOOKMARK [2][]{subsection.2.4.2}{Does Linux supports what BlueNRG uses to communicate through?}{section.2.4}% 15
\BOOKMARK [1][]{section.2.5}{Obejectives of the Project}{chapter.2}% 16
\BOOKMARK [0][]{chapter.3}{Product Design}{}% 17
\BOOKMARK [1][]{section.3.1}{Product Functions}{chapter.3}% 18
\BOOKMARK [2][]{subsection.3.1.1}{Bluetooth Low Energy}{section.3.1}% 19
\BOOKMARK [3][]{subsubsection.3.1.1.1}{Device Configuration}{subsection.3.1.1}% 20
\BOOKMARK [3][]{subsubsection.3.1.1.2}{Limitations}{subsection.3.1.1}% 21
\BOOKMARK [3][]{subsubsection.3.1.1.3}{Bluetooth Low Energy Network Topologies}{subsection.3.1.1}% 22
\BOOKMARK [3][]{subsubsection.3.1.1.4}{BLE Architecture}{subsection.3.1.1}% 23
\BOOKMARK [3][]{subsubsection.3.1.1.5}{Classification of devices based on Chip Count}{subsection.3.1.1}% 24
\BOOKMARK [3][]{subsubsection.3.1.1.6}{The Protocol Stack}{subsection.3.1.1}% 25
\BOOKMARK [3][]{subsubsection.3.1.1.7}{The Controller Layer}{subsection.3.1.1}% 26
\BOOKMARK [3][]{subsubsection.3.1.1.8}{The Host Layer}{subsection.3.1.1}% 27
\BOOKMARK [1][]{section.3.2}{Assumptions and Dependencies}{chapter.3}% 28
\BOOKMARK [2][]{subsection.3.2.1}{Bluez The official Linux Bluetooth stack}{section.3.2}% 29
\BOOKMARK [3][]{subsubsection.3.2.1.1}{History}{subsection.3.2.1}% 30
\BOOKMARK [3][]{subsubsection.3.2.1.2}{The Bluetooth Stack}{subsection.3.2.1}% 31
\BOOKMARK [0][]{chapter.4}{Initial Development}{}% 32
\BOOKMARK [1][]{section.4.1}{The Linux Kernel}{chapter.4}% 33
\BOOKMARK [2][]{subsection.4.1.1}{The Linux Device Driver Model}{section.4.1}% 34
\BOOKMARK [3][]{subsubsection.4.1.1.1}{Overview}{subsection.4.1.1}% 35
\BOOKMARK [3][]{subsubsection.4.1.1.2}{Driver Model}{subsection.4.1.1}% 36
\BOOKMARK [2][]{subsection.4.1.2}{Overview of SPI support in Linux}{section.4.1}% 37
\BOOKMARK [3][]{subsubsection.4.1.2.1}{What is SPI?}{subsection.4.1.2}% 38
\BOOKMARK [3][]{subsubsection.4.1.2.2}{Who uses SPI?}{subsection.4.1.2}% 39
\BOOKMARK [3][]{subsubsection.4.1.2.3}{The SPI programming interface}{subsection.4.1.2}% 40
\BOOKMARK [1][]{section.4.2}{The C Programming Language}{chapter.4}% 41
\BOOKMARK [1][]{section.4.3}{Development Boards}{chapter.4}% 42
\BOOKMARK [2][]{subsection.4.3.1}{BeagleBone Black}{section.4.3}% 43
\BOOKMARK [1][]{section.4.4}{Tools used}{chapter.4}% 44
\BOOKMARK [2][]{subsection.4.4.1}{Buildroot}{section.4.4}% 45
\BOOKMARK [2][]{subsection.4.4.2}{Cscope}{section.4.4}% 46
\BOOKMARK [0][]{figure.4.3}{BIBLIOGRAPHY}{}% 47
