\BOOKMARK [0][]{chapter.1}{Introduction to Organiztion}{}% 1
\BOOKMARK [0][]{chapter.2}{Introduction to Project}{}% 2
\BOOKMARK [1][]{section.2.1}{Overview}{chapter.2}% 3
\BOOKMARK [1][]{section.2.2}{Existing Systems}{chapter.2}% 4
\BOOKMARK [2][]{subsection.2.2.1}{BlueFritz USB Bluetooth adapter}{section.2.2}% 5
\BOOKMARK [2][]{subsection.2.2.2}{Qualcomm Atheros chips}{section.2.2}% 6
\BOOKMARK [2][]{subsection.2.2.3}{Intel Bluetooth Devices}{section.2.2}% 7
\BOOKMARK [2][]{subsection.2.2.4}{Broadcom Blutonium}{section.2.2}% 8
\BOOKMARK [2][]{subsection.2.2.5}{Marvell Bluetooth}{section.2.2}% 9
\BOOKMARK [2][]{subsection.2.2.6}{3Com Bluetooth PCMCIA Card}{section.2.2}% 10
\BOOKMARK [2][]{subsection.2.2.7}{Texas Instrument Dual-mode Bluetooth CC2564 Module}{section.2.2}% 11
\BOOKMARK [1][]{section.2.3}{Requirement Analysis}{chapter.2}% 12
\BOOKMARK [1][]{section.2.4}{Feasibility Study}{chapter.2}% 13
\BOOKMARK [2][]{subsection.2.4.1}{ Does BlueNRG support what Bluez offers?}{section.2.4}% 14
\BOOKMARK [2][]{subsection.2.4.2}{Does Linux supports what BlueNRG uses to communicate through?}{section.2.4}% 15
\BOOKMARK [1][]{section.2.5}{Obejectives of the Project}{chapter.2}% 16
\BOOKMARK [0][]{chapter.3}{Product Design}{}% 17
\BOOKMARK [1][]{section.3.1}{Product Functions}{chapter.3}% 18
\BOOKMARK [1][]{section.3.2}{Bluetooth Low Energy}{chapter.3}% 19
\BOOKMARK [2][]{subsection.3.2.1}{Device Configuration}{section.3.2}% 20
\BOOKMARK [2][]{subsection.3.2.2}{Limitations}{section.3.2}% 21
\BOOKMARK [2][]{subsection.3.2.3}{Bluetooth Low Energy Network Topologies}{section.3.2}% 22
\BOOKMARK [3][]{subsubsection.3.2.3.1}{Broadcasting}{subsection.3.2.3}% 23
\BOOKMARK [3][]{subsubsection.3.2.3.2}{Connections}{subsection.3.2.3}% 24
\BOOKMARK [3][]{subsubsection.3.2.3.3}{Mixed Topology}{subsection.3.2.3}% 25
\BOOKMARK [2][]{subsection.3.2.4}{BLE Architecture}{section.3.2}% 26
\BOOKMARK [2][]{subsection.3.2.5}{Classification of devices based on Chip Count}{section.3.2}% 27
\BOOKMARK [2][]{subsection.3.2.6}{The Protocol Stack}{section.3.2}% 28
\BOOKMARK [2][]{subsection.3.2.7}{The Controller Layer}{section.3.2}% 29
\BOOKMARK [3][]{subsubsection.3.2.7.1}{The Physical Layer}{subsection.3.2.7}% 30
\BOOKMARK [3][]{subsubsection.3.2.7.2}{Link Layer}{subsection.3.2.7}% 31
\BOOKMARK [2][]{subsection.3.2.8}{The Host Layer}{section.3.2}% 32
\BOOKMARK [3][]{subsubsection.3.2.8.1}{L2CAP}{subsection.3.2.8}% 33
\BOOKMARK [3][]{subsubsection.3.2.8.2}{ATT}{subsection.3.2.8}% 34
\BOOKMARK [3][]{subsubsection.3.2.8.3}{SM}{subsection.3.2.8}% 35
\BOOKMARK [3][]{subsubsection.3.2.8.4}{GAP}{subsection.3.2.8}% 36
\BOOKMARK [3][]{subsubsection.3.2.8.5}{GATT}{subsection.3.2.8}% 37
\BOOKMARK [1][]{section.3.3}{Assumptions and Dependencies}{chapter.3}% 38
\BOOKMARK [1][]{section.3.4}{Bluez The official Linux Bluetooth stack}{chapter.3}% 39
\BOOKMARK [2][]{subsection.3.4.1}{History}{section.3.4}% 40
\BOOKMARK [2][]{subsection.3.4.2}{The Bluetooth Stack}{section.3.4}% 41
\BOOKMARK [1][]{section.3.5}{BlueNRG}{chapter.3}% 42
\BOOKMARK [2][]{subsection.3.5.1}{General Description}{section.3.5}% 43
\BOOKMARK [2][]{subsection.3.5.2}{Pin Description}{section.3.5}% 44
\BOOKMARK [2][]{subsection.3.5.3}{Core, Memory and Peripherals}{section.3.5}% 45
\BOOKMARK [2][]{subsection.3.5.4}{Power Management}{section.3.5}% 46
\BOOKMARK [2][]{subsection.3.5.5}{Bluetooth Low Energy Radio}{section.3.5}% 47
\BOOKMARK [2][]{subsection.3.5.6}{Operating Modes}{section.3.5}% 48
\BOOKMARK [1][]{section.3.6}{Product Perspective}{chapter.3}% 49
\BOOKMARK [1][]{section.3.7}{Flow Diagram}{chapter.3}% 50
\BOOKMARK [0][]{chapter.4}{Development and Implementation}{}% 51
\BOOKMARK [1][]{section.4.1}{The Linux Kernel}{chapter.4}% 52
\BOOKMARK [2][]{subsection.4.1.1}{The Linux Device Driver Model}{section.4.1}% 53
\BOOKMARK [3][]{subsubsection.4.1.1.1}{Overview}{subsection.4.1.1}% 54
\BOOKMARK [3][]{subsubsection.4.1.1.2}{Driver Model}{subsection.4.1.1}% 55
\BOOKMARK [2][]{subsection.4.1.2}{Overview of SPI support in Linux}{section.4.1}% 56
\BOOKMARK [3][]{subsubsection.4.1.2.1}{What is SPI?}{subsection.4.1.2}% 57
\BOOKMARK [3][]{subsubsection.4.1.2.2}{Who uses SPI?}{subsection.4.1.2}% 58
\BOOKMARK [3][]{subsubsection.4.1.2.3}{The SPI programming interface}{subsection.4.1.2}% 59
\BOOKMARK [1][]{section.4.2}{The C Programming Language}{chapter.4}% 60
\BOOKMARK [1][]{section.4.3}{Development Boards}{chapter.4}% 61
\BOOKMARK [2][]{subsection.4.3.1}{Raspberry Pi 3}{section.4.3}% 62
\BOOKMARK [2][]{subsection.4.3.2}{BeagleBone Black}{section.4.3}% 63
\BOOKMARK [1][]{section.4.4}{Tools used}{chapter.4}% 64
\BOOKMARK [2][]{subsection.4.4.1}{Buildroot}{section.4.4}% 65
\BOOKMARK [2][]{subsection.4.4.2}{Cscope}{section.4.4}% 66
\BOOKMARK [1][]{section.4.5}{Testing}{chapter.4}% 67
\BOOKMARK [2][]{subsection.4.5.1}{Checking to see if BLE gets enabled}{section.4.5}% 68
\BOOKMARK [2][]{subsection.4.5.2}{BLE gatttool interaction}{section.4.5}% 69
\BOOKMARK [2][]{subsection.4.5.3}{Reading Beacons using BLE}{section.4.5}% 70
\BOOKMARK [2][]{subsection.4.5.4}{Advertising with Beacons}{section.4.5}% 71
\BOOKMARK [0][]{chapter.5}{Conclusion and Future Scope}{}% 72
\BOOKMARK [1][]{section.5.1}{Conclusion}{chapter.5}% 73
\BOOKMARK [1][]{section.5.2}{Future Scope}{chapter.5}% 74
