This is pdfTeX, Version 3.1415926-2.5-1.40.14 (TeX Live 2013/Debian) (format=pdflatex 2016.11.28)  29 NOV 2016 09:27
entering extended mode
 restricted \write18 enabled.
 %&-line parsing enabled.
**report.tex
(./report.tex
LaTeX2e <2011/06/27>
Babel <3.9h> and hyphenation patterns for 78 languages loaded.
(/usr/share/texlive/texmf-dist/tex/latex/base/report.cls
Document Class: report 2007/10/19 v1.4h Standard LaTeX document class
(/usr/share/texlive/texmf-dist/tex/latex/base/size12.clo
File: size12.clo 2007/10/19 v1.4h Standard LaTeX file (size option)
)
\c@part=\count79
\c@chapter=\count80
\c@section=\count81
\c@subsection=\count82
\c@subsubsection=\count83
\c@paragraph=\count84
\c@subparagraph=\count85
\c@figure=\count86
\c@table=\count87
\abovecaptionskip=\skip41
\belowcaptionskip=\skip42
\bibindent=\dimen102
) (./pdfscreen.sty
Package: pdfscreen 2000/07/07 v.1.5 screen PDF design (CVR)

(/usr/share/texlive/texmf-dist/tex/latex/graphics/graphicx.sty
Package: graphicx 1999/02/16 v1.0f Enhanced LaTeX Graphics (DPC,SPQR)

(/usr/share/texlive/texmf-dist/tex/latex/graphics/keyval.sty
Package: keyval 1999/03/16 v1.13 key=value parser (DPC)
\KV@toks@=\toks14
)
(/usr/share/texlive/texmf-dist/tex/latex/graphics/graphics.sty
Package: graphics 2009/02/05 v1.0o Standard LaTeX Graphics (DPC,SPQR)

(/usr/share/texlive/texmf-dist/tex/latex/graphics/trig.sty
Package: trig 1999/03/16 v1.09 sin cos tan (DPC)
)
(/usr/share/texlive/texmf-dist/tex/latex/latexconfig/graphics.cfg
File: graphics.cfg 2010/04/23 v1.9 graphics configuration of TeX Live
)
Package graphics Info: Driver file: pdftex.def on input line 91.

(/usr/share/texlive/texmf-dist/tex/latex/pdftex-def/pdftex.def
File: pdftex.def 2011/05/27 v0.06d Graphics/color for pdfTeX

(/usr/share/texlive/texmf-dist/tex/generic/oberdiek/infwarerr.sty
Package: infwarerr 2010/04/08 v1.3 Providing info/warning/error messages (HO)
)
(/usr/share/texlive/texmf-dist/tex/generic/oberdiek/ltxcmds.sty
Package: ltxcmds 2011/11/09 v1.22 LaTeX kernel commands for general use (HO)
)
\Gread@gobject=\count88
))
\Gin@req@height=\dimen103
\Gin@req@width=\dimen104
)
(/usr/share/texlive/texmf-dist/tex/latex/graphics/color.sty
Package: color 2005/11/14 v1.0j Standard LaTeX Color (DPC)

(/usr/share/texlive/texmf-dist/tex/latex/latexconfig/color.cfg
File: color.cfg 2007/01/18 v1.5 color configuration of teTeX/TeXLive
)
Package color Info: Driver file: pdftex.def on input line 130.
)
(/usr/share/texlive/texmf-dist/tex/latex/tools/calc.sty
Package: calc 2007/08/22 v4.3 Infix arithmetic (KKT,FJ)
\calc@Acount=\count89
\calc@Bcount=\count90
\calc@Adimen=\dimen105
\calc@Bdimen=\dimen106
\calc@Askip=\skip43
\calc@Bskip=\skip44
LaTeX Info: Redefining \setlength on input line 76.
LaTeX Info: Redefining \addtolength on input line 77.
\calc@Ccount=\count91
\calc@Cskip=\skip45
) (./comment.sty
\CommentStream=\write3

Excluding comment 'comment')
\c@panel=\count92
\c@driver=\count93
\c@scheme=\count94

(/usr/share/texlive/texmf-dist/tex/latex/amsfonts/amssymb.sty
Package: amssymb 2013/01/14 v3.01 AMS font symbols

(/usr/share/texlive/texmf-dist/tex/latex/amsfonts/amsfonts.sty
Package: amsfonts 2013/01/14 v3.01 Basic AMSFonts support
\@emptytoks=\toks15
\symAMSa=\mathgroup4
\symAMSb=\mathgroup5
LaTeX Font Info:    Overwriting math alphabet `\mathfrak' in version `bold'
(Font)                  U/euf/m/n --> U/euf/b/n on input line 106.
))
(/usr/share/texlive/texmf-dist/tex/latex/hyperref/hyperref.sty
Package: hyperref 2012/11/06 v6.83m Hypertext links for LaTeX

(/usr/share/texlive/texmf-dist/tex/generic/oberdiek/hobsub-hyperref.sty
Package: hobsub-hyperref 2012/05/28 v1.13 Bundle oberdiek, subset hyperref (HO)


(/usr/share/texlive/texmf-dist/tex/generic/oberdiek/hobsub-generic.sty
Package: hobsub-generic 2012/05/28 v1.13 Bundle oberdiek, subset generic (HO)
Package: hobsub 2012/05/28 v1.13 Construct package bundles (HO)
Package hobsub Info: Skipping package `infwarerr' (already loaded).
Package hobsub Info: Skipping package `ltxcmds' (already loaded).
Package: ifluatex 2010/03/01 v1.3 Provides the ifluatex switch (HO)
Package ifluatex Info: LuaTeX not detected.
Package: ifvtex 2010/03/01 v1.5 Detect VTeX and its facilities (HO)
Package ifvtex Info: VTeX not detected.
Package: intcalc 2007/09/27 v1.1 Expandable calculations with integers (HO)
Package: ifpdf 2011/01/30 v2.3 Provides the ifpdf switch (HO)
Package ifpdf Info: pdfTeX in PDF mode is detected.
Package: etexcmds 2011/02/16 v1.5 Avoid name clashes with e-TeX commands (HO)
Package etexcmds Info: Could not find \expanded.
(etexcmds)             That can mean that you are not using pdfTeX 1.50 or
(etexcmds)             that some package has redefined \expanded.
(etexcmds)             In the latter case, load this package earlier.
Package: kvsetkeys 2012/04/25 v1.16 Key value parser (HO)
Package: kvdefinekeys 2011/04/07 v1.3 Define keys (HO)
Package: pdftexcmds 2011/11/29 v0.20 Utility functions of pdfTeX for LuaTeX (HO
)
Package pdftexcmds Info: LuaTeX not detected.
Package pdftexcmds Info: \pdf@primitive is available.
Package pdftexcmds Info: \pdf@ifprimitive is available.
Package pdftexcmds Info: \pdfdraftmode found.
Package: pdfescape 2011/11/25 v1.13 Implements pdfTeX's escape features (HO)
Package: bigintcalc 2012/04/08 v1.3 Expandable calculations on big integers (HO
)
Package: bitset 2011/01/30 v1.1 Handle bit-vector datatype (HO)
Package: uniquecounter 2011/01/30 v1.2 Provide unlimited unique counter (HO)
)
Package hobsub Info: Skipping package `hobsub' (already loaded).
Package: letltxmacro 2010/09/02 v1.4 Let assignment for LaTeX macros (HO)
Package: hopatch 2012/05/28 v1.2 Wrapper for package hooks (HO)
Package: xcolor-patch 2011/01/30 xcolor patch
Package: atveryend 2011/06/30 v1.8 Hooks at the very end of document (HO)
Package atveryend Info: \enddocument detected (standard20110627).
Package: atbegshi 2011/10/05 v1.16 At begin shipout hook (HO)
Package: refcount 2011/10/16 v3.4 Data extraction from label references (HO)
Package: hycolor 2011/01/30 v1.7 Color options for hyperref/bookmark (HO)
)
(/usr/share/texlive/texmf-dist/tex/generic/ifxetex/ifxetex.sty
Package: ifxetex 2010/09/12 v0.6 Provides ifxetex conditional
)
(/usr/share/texlive/texmf-dist/tex/latex/oberdiek/auxhook.sty
Package: auxhook 2011/03/04 v1.3 Hooks for auxiliary files (HO)
)
(/usr/share/texlive/texmf-dist/tex/latex/oberdiek/kvoptions.sty
Package: kvoptions 2011/06/30 v3.11 Key value format for package options (HO)
)
\@linkdim=\dimen107
\Hy@linkcounter=\count95
\Hy@pagecounter=\count96

(/usr/share/texlive/texmf-dist/tex/latex/hyperref/pd1enc.def
File: pd1enc.def 2012/11/06 v6.83m Hyperref: PDFDocEncoding definition (HO)
)
\Hy@SavedSpaceFactor=\count97

(/usr/share/texlive/texmf-dist/tex/latex/latexconfig/hyperref.cfg
File: hyperref.cfg 2002/06/06 v1.2 hyperref configuration of TeXLive
)
Package hyperref Info: Option `bookmarksopen' set `true' on input line 4319.
Package hyperref Info: Option `colorlinks' set `true' on input line 4319.
Package hyperref Info: Hyper figures OFF on input line 4443.
Package hyperref Info: Link nesting OFF on input line 4448.
Package hyperref Info: Hyper index ON on input line 4451.
Package hyperref Info: Plain pages OFF on input line 4458.
Package hyperref Info: Backreferencing OFF on input line 4463.
Package hyperref Info: Implicit mode ON; LaTeX internals redefined.
Package hyperref Info: Bookmarks ON on input line 4688.
\c@Hy@tempcnt=\count98

(/usr/share/texlive/texmf-dist/tex/latex/url/url.sty
\Urlmuskip=\muskip10
Package: url 2013/09/16  ver 3.4  Verb mode for urls, etc.
)
LaTeX Info: Redefining \url on input line 5041.
\XeTeXLinkMargin=\dimen108
\Fld@menulength=\count99
\Field@Width=\dimen109
\Fld@charsize=\dimen110
Package hyperref Info: Hyper figures OFF on input line 6295.
Package hyperref Info: Link nesting OFF on input line 6300.
Package hyperref Info: Hyper index ON on input line 6303.
Package hyperref Info: backreferencing OFF on input line 6310.
Package hyperref Info: Link coloring ON on input line 6313.
Package hyperref Info: Link coloring with OCG OFF on input line 6320.
Package hyperref Info: PDF/A mode OFF on input line 6325.
LaTeX Info: Redefining \ref on input line 6365.
LaTeX Info: Redefining \pageref on input line 6369.
\Hy@abspage=\count100
\c@Item=\count101
\c@Hfootnote=\count102
)

Package hyperref Message: Driver: hpdftex.

(/usr/share/texlive/texmf-dist/tex/latex/hyperref/hpdftex.def
File: hpdftex.def 2012/11/06 v6.83m Hyperref driver for pdfTeX
\Fld@listcount=\count103
\c@bookmark@seq@number=\count104

(/usr/share/texlive/texmf-dist/tex/latex/oberdiek/rerunfilecheck.sty
Package: rerunfilecheck 2011/04/15 v1.7 Rerun checks for auxiliary files (HO)
Package uniquecounter Info: New unique counter `rerunfilecheck' on input line 2
82.
)
\Hy@SectionHShift=\skip46
)
Include comment 'print' Excluding comment 'screen' (./fancybox.sty
Style option: `fancybox' v1.0 <93/02/10> (tvz)
\@fancybox=\box26
\shadowsize=\dimen111
\@Sbox=\box27
\do@VerbBox=\toks16
\the@fancyput=\toks17
\this@fancyput=\toks18
\EndVerbatimTokens=\toks19
\Verbatim@Outfile=\write4
\Verbatim@Infile=\read1
)
\@PDFmpht=\dimen112
\c@slide=\count105
\c@slideoverlay=\count106
) (./lipsum.sty
Package: lipsum 2011/04/14 v1.2 150 paragraphs of Lorem Ipsum dummy text
\c@lips@count=\count107
)
(/usr/share/texlive/texmf-dist/tex/latex/titlesec/titlesec.sty
Package: titlesec 2011/12/15 v2.10.0 Sectioning titles
\ttl@box=\box28
\beforetitleunit=\skip47
\aftertitleunit=\skip48
\ttl@plus=\dimen113
\ttl@minus=\dimen114
\ttl@toksa=\toks20
\titlewidth=\dimen115
\titlewidthlast=\dimen116
\titlewidthfirst=\dimen117
)
(/usr/share/texlive/texmf-dist/tex/latex/titlesec/ttlkeys.def
File: ttlkeys.def 2011/12/15
) (./lastpage.sty
Package: lastpage 1994/06/25 v0.1b LaTeX2e package for refs to last page number
 (JPG)
) (./macro/macro.sty)
(/usr/share/texlive/texmf-dist/tex/latex/fancyhdr/fancyhdr.sty
\fancy@headwidth=\skip49
\f@ncyO@elh=\skip50
\f@ncyO@erh=\skip51
\f@ncyO@olh=\skip52
\f@ncyO@orh=\skip53
\f@ncyO@elf=\skip54
\f@ncyO@erf=\skip55
\f@ncyO@olf=\skip56
\f@ncyO@orf=\skip57
)
(/usr/share/texlive/texmf-dist/tex/latex/tools/verbatim.sty
Package: verbatim 2003/08/22 v1.5q LaTeX2e package for verbatim enhancements
\every@verbatim=\toks21
\verbatim@line=\toks22
\verbatim@in@stream=\read2
) (./fncychap.sty
Package: fncychap 2007/07/30 v1.34 LaTeX package (Revised chapters)
\RW=\skip58
\mylen=\skip59
\myhi=\skip60
\px=\skip61
\py=\skip62
\pyy=\skip63
\pxx=\skip64
\backskip=\skip65
)
(./float.sty
Package: float 1999/05/29 v1.2d Float enhancements (AL)
\c@float@type=\count108
\float@box=\box29
\@floatcapt=\box30
) (/usr/share/texlive/texmf-dist/tex/latex/booktabs/booktabs.sty
Package: booktabs 2005/04/14 v1.61803 publication quality tables
\heavyrulewidth=\dimen118
\lightrulewidth=\dimen119
\cmidrulewidth=\dimen120
\belowrulesep=\dimen121
\belowbottomsep=\dimen122
\aboverulesep=\dimen123
\abovetopsep=\dimen124
\cmidrulesep=\dimen125
\cmidrulekern=\dimen126
\defaultaddspace=\dimen127
\@cmidla=\count109
\@cmidlb=\count110
\@aboverulesep=\dimen128
\@belowrulesep=\dimen129
\@thisruleclass=\count111
\@lastruleclass=\count112
\@thisrulewidth=\dimen130
)
(/usr/share/texlive/texmf-dist/tex/latex/tools/array.sty
Package: array 2008/09/09 v2.4c Tabular extension package (FMi)
\col@sep=\dimen131
\extrarowheight=\dimen132
\NC@list=\toks23
\extratabsurround=\skip66
\backup@length=\skip67
)
(/usr/share/texmf/tex/latex/xcolor/xcolor.sty
Package: xcolor 2007/01/21 v2.11 LaTeX color extensions (UK)

(/usr/share/texlive/texmf-dist/tex/latex/latexconfig/color.cfg
File: color.cfg 2007/01/18 v1.5 color configuration of teTeX/TeXLive
)
Package xcolor Info: Driver file: pdftex.def on input line 225.
LaTeX Info: Redefining \color on input line 702.
Package xcolor Info: Model `cmy' substituted by `cmy0' on input line 1337.
Package xcolor Info: Model `hsb' substituted by `rgb' on input line 1341.
Package xcolor Info: Model `RGB' extended on input line 1353.
Package xcolor Info: Model `HTML' substituted by `rgb' on input line 1355.
Package xcolor Info: Model `Hsb' substituted by `hsb' on input line 1356.
Package xcolor Info: Model `tHsb' substituted by `hsb' on input line 1357.
Package xcolor Info: Model `HSB' substituted by `hsb' on input line 1358.
Package xcolor Info: Model `Gray' substituted by `gray' on input line 1359.
Package xcolor Info: Model `wave' substituted by `hsb' on input line 1360.
)
(/usr/share/texlive/texmf-dist/tex/latex/colortbl/colortbl.sty
Package: colortbl 2012/02/13 v1.0a Color table columns (DPC)
\everycr=\toks24
\minrowclearance=\skip68
)
(/usr/share/texlive/texmf-dist/tex/latex/placeins/placeins.sty
Package: placeins 2005/04/18  v 2.2
)
(/usr/share/texlive/texmf-dist/tex/latex/geometry/geometry.sty
Package: geometry 2010/09/12 v5.6 Page Geometry
\Gm@cnth=\count113
\Gm@cntv=\count114
\c@Gm@tempcnt=\count115
\Gm@bindingoffset=\dimen133
\Gm@wd@mp=\dimen134
\Gm@odd@mp=\dimen135
\Gm@even@mp=\dimen136
\Gm@layoutwidth=\dimen137
\Gm@layoutheight=\dimen138
\Gm@layouthoffset=\dimen139
\Gm@layoutvoffset=\dimen140
\Gm@dimlist=\toks25
)
Excluding 'screen' comment. (./report.aux)
\openout1 = `report.aux'.

LaTeX Font Info:    Checking defaults for OML/cmm/m/it on input line 51.
LaTeX Font Info:    ... okay on input line 51.
LaTeX Font Info:    Checking defaults for T1/cmr/m/n on input line 51.
LaTeX Font Info:    ... okay on input line 51.
LaTeX Font Info:    Checking defaults for OT1/cmr/m/n on input line 51.
LaTeX Font Info:    ... okay on input line 51.
LaTeX Font Info:    Checking defaults for OMS/cmsy/m/n on input line 51.
LaTeX Font Info:    ... okay on input line 51.
LaTeX Font Info:    Checking defaults for OMX/cmex/m/n on input line 51.
LaTeX Font Info:    ... okay on input line 51.
LaTeX Font Info:    Checking defaults for U/cmr/m/n on input line 51.
LaTeX Font Info:    ... okay on input line 51.
LaTeX Font Info:    Checking defaults for PD1/pdf/m/n on input line 51.
LaTeX Font Info:    ... okay on input line 51.

(/usr/share/texlive/texmf-dist/tex/context/base/supp-pdf.mkii
[Loading MPS to PDF converter (version 2006.09.02).]
\scratchcounter=\count116
\scratchdimen=\dimen141
\scratchbox=\box31
\nofMPsegments=\count117
\nofMParguments=\count118
\everyMPshowfont=\toks26
\MPscratchCnt=\count119
\MPscratchDim=\dimen142
\MPnumerator=\count120
\makeMPintoPDFobject=\count121
\everyMPtoPDFconversion=\toks27
) (/usr/share/texlive/texmf-dist/tex/latex/oberdiek/epstopdf-base.sty
Package: epstopdf-base 2010/02/09 v2.5 Base part for package epstopdf

(/usr/share/texlive/texmf-dist/tex/latex/oberdiek/grfext.sty
Package: grfext 2010/08/19 v1.1 Manage graphics extensions (HO)
)
Package grfext Info: Graphics extension search list:
(grfext)             [.png,.pdf,.jpg,.mps,.jpeg,.jbig2,.jb2,.PNG,.PDF,.JPG,.JPE
G,.JBIG2,.JB2,.eps]
(grfext)             \AppendGraphicsExtensions on input line 452.

(/usr/share/texlive/texmf-dist/tex/latex/latexconfig/epstopdf-sys.cfg
File: epstopdf-sys.cfg 2010/07/13 v1.3 Configuration of (r)epstopdf for TeX Liv
e
))
\AtBeginShipoutBox=\box32
Package hyperref Info: Link coloring ON on input line 51.

(/usr/share/texlive/texmf-dist/tex/latex/hyperref/nameref.sty
Package: nameref 2012/10/27 v2.43 Cross-referencing by name of section

(/usr/share/texlive/texmf-dist/tex/generic/oberdiek/gettitlestring.sty
Package: gettitlestring 2010/12/03 v1.4 Cleanup title references (HO)
)
\c@section@level=\count122
)
LaTeX Info: Redefining \ref on input line 51.
LaTeX Info: Redefining \pageref on input line 51.
LaTeX Info: Redefining \nameref on input line 51.

(./report.out) (./report.out)
\@outlinefile=\write5
\openout5 = `report.out'.


*geometry* driver: auto-detecting
*geometry* detected driver: pdftex
*geometry* verbose mode - [ preamble ] result:
* driver: pdftex
* paper: <default>
* layout: <same size as paper>
* layoutoffset:(h,v)=(0.0pt,0.0pt)
* modes: 
* h-part:(L,W,R)=(71.13188pt, 500.484pt, 42.67912pt)
* v-part:(T,H,B)=(71.13188pt, 681.15898pt, 42.67912pt)
* \paperwidth=614.295pt
* \paperheight=794.96999pt
* \textwidth=500.484pt
* \textheight=681.15898pt
* \oddsidemargin=-1.1381pt
* \evensidemargin=-1.1381pt
* \topmargin=-38.1381pt
* \headheight=12.0pt
* \headsep=25.0pt
* \topskip=12.0pt
* \footskip=30.0pt
* \marginparwidth=44.0pt
* \marginparsep=10.0pt
* \columnsep=10.0pt
* \skip\footins=10.8pt plus 4.0pt minus 2.0pt
* \hoffset=0.0pt
* \voffset=0.0pt
* \mag=1000
* \@twocolumnfalse
* \@twosidefalse
* \@mparswitchfalse
* \@reversemarginfalse
* (1in=72.27pt=25.4mm, 1cm=28.453pt)

(./input/titlepage.tex) Excluding 'screen' comment.
<images/gne.png, id=337, 694.595pt x 723.70375pt>
File: images/gne.png Graphic file (type png)
 <use images/gne.png>
Package pdftex.def Info: images/gne.png used on input line 59.
(pdftex.def)             Requested size: 111.13747pt x 115.79495pt.
LaTeX Font Info:    Try loading font information for U+msa on input line 59.

(/usr/share/texlive/texmf-dist/tex/latex/amsfonts/umsa.fd
File: umsa.fd 2013/01/14 v3.01 AMS symbols A
)
LaTeX Font Info:    Try loading font information for U+msb on input line 59.

(/usr/share/texlive/texmf-dist/tex/latex/amsfonts/umsb.fd
File: umsb.fd 2013/01/14 v3.01 AMS symbols B
) [1

{/var/lib/texmf/fonts/map/pdftex/updmap/pdftex.map} <./images/gne.png>] (./inpu
t/abstract.tex
Underfull \hbox (badness 10000) in paragraph at lines 6--7

 []


Underfull \hbox (badness 10000) in paragraph at lines 8--9

 []

)

Package Fancyhdr Warning: \headheight is too small (12.0pt): 
 Make it at least 14.49998pt.
 We now make it that large for the rest of the document.
 This may cause the page layout to be inconsistent, however.

[1] (./input/acknowledgement.tex
Underfull \hbox (badness 10000) in paragraph at lines 5--6

 []


Underfull \hbox (badness 10000) in paragraph at lines 7--8

 []


Underfull \hbox (badness 10000) in paragraph at lines 9--10

 []


Underfull \hbox (badness 10000) in paragraph at lines 11--12

 []


Underfull \hbox (badness 10000) in paragraph at lines 13--14

 []


Underfull \hbox (badness 10000) in paragraph at lines 15--16

 []

)

Package Fancyhdr Warning: \headheight is too small (12.0pt): 
 Make it at least 14.49998pt.
 We now make it that large for the rest of the document.
 This may cause the page layout to be inconsistent, however.

[2] (./report.toc [3

]

Package Fancyhdr Warning: \headheight is too small (12.0pt): 
 Make it at least 14.49998pt.
 We now make it that large for the rest of the document.
 This may cause the page layout to be inconsistent, however.

[4])
\tf@toc=\write6
\openout6 = `report.toc'.



Package Fancyhdr Warning: \headheight is too small (12.0pt): 
 Make it at least 14.49998pt.
 We now make it that large for the rest of the document.
 This may cause the page layout to be inconsistent, however.

[5] (./report.lof [6

])
\tf@lof=\write7
\openout7 = `report.lof'.



Package Fancyhdr Warning: \headheight is too small (12.0pt): 
 Make it at least 14.49998pt.
 We now make it that large for the rest of the document.
 This may cause the page layout to be inconsistent, however.

[7] (./report.lot)
\tf@lot=\write8
\openout8 = `report.lot'.

 [8

] (./input/chapterOne.tex
Chapter 1.
<images/company.jpg, id=546, 515.9275pt x 398.48875pt>
File: images/company.jpg Graphic file (type jpg)

<use images/company.jpg>
Package pdftex.def Info: images/company.jpg used on input line 4.
(pdftex.def)             Requested size: 252.94052pt x 216.81027pt.
LaTeX Font Info:    Try loading font information for OMS+cmr on input line 10.

(/usr/share/texlive/texmf-dist/tex/latex/base/omscmr.fd
File: omscmr.fd 1999/05/25 v2.5h Standard LaTeX font definitions
)
LaTeX Font Info:    Font shape `OMS/cmr/m/n' in size <12> not available
(Font)              Font shape `OMS/cmsy/m/n' tried instead on input line 10.
pdfTeX warning (ext4): destination with the same identifier (name{page.1}) has 
been already used, duplicate ignored
<to be read again> 
                   \relax 
l.13 	\item D
             elivering solutions that are key to Smart Driving and Internet ...
[1

pdfTeX warning (ext4): destination with the same identifier (name{figure.1.1}) 
has been already used, duplicate ignored

\AtBegShi@Output ...ipout \box \AtBeginShipoutBox 
                                                  \fi \fi 
l.13 	\item D
             elivering solutions that are key to Smart Driving and Internet ...
 <./images/company.jpg>])

Package Fancyhdr Warning: \headheight is too small (12.0pt): 
 Make it at least 14.49998pt.
 We now make it that large for the rest of the document.
 This may cause the page layout to be inconsistent, however.

[2] (./input/chapterTwo.tex
Chapter 2.
[3

] <images/bluefritz_usb.png, id=560, 137.7647pt x 96.36pt>
File: images/bluefritz_usb.png Graphic file (type png)

<use images/bluefritz_usb.png>
Package pdftex.def Info: images/bluefritz_usb.png used on input line 14.
(pdftex.def)             Requested size: 68.88217pt x 48.17987pt.
Missing character: There is no ¬ in font cmr12!
Missing character: There is no † in font cmr12!
Missing character: There is no ¬ in font cmr12!
Missing character: There is no † in font cmr12!
Missing character: There is no ¬ in font cmr12!
Missing character: There is no † in font cmr12!
Missing character: There is no ¬ in font cmr12!
Missing character: There is no † in font cmr12!
Missing character: There is no ¬ in font cmr12!
Missing character: There is no † in font cmr12!

<images/qualcomm_atheros.png, id=561, 374.39874pt x 173.64874pt>
File: images/qualcomm_atheros.png Graphic file (type png)

<use images/qualcomm_atheros.png>
Package pdftex.def Info: images/qualcomm_atheros.png used on input line 21.
(pdftex.def)             Requested size: 252.94818pt x 216.81927pt.
Missing character: There is no ‚ in font cmr12!
Missing character: There is no Ä in font cmr12!
Missing character: There is no ô in font cmr12!


Package Fancyhdr Warning: \headheight is too small (12.0pt): 
 Make it at least 14.49998pt.
 We now make it that large for the rest of the document.
 This may cause the page layout to be inconsistent, however.

[4pdfTeX warning (ext4): destination with the same identifier (name{figure.2.1}
) has been already used, duplicate ignored

\AtBegShi@Output ...ipout \box \AtBeginShipoutBox 
                                                  \fi \fi 
l.25 \subsection
                {Intel Bluetooth Devices} <./images/bluefritz_usb.png>]
Missing character: There is no ‚ in font cmr12!
Missing character: There is no Ä in font cmr12!
Missing character: There is no ô in font cmr12!

<images/intel_bluetooth.png, id=567, 301.125pt x 206.7725pt>
File: images/intel_bluetooth.png Graphic file (type png)

<use images/intel_bluetooth.png>
Package pdftex.def Info: images/intel_bluetooth.png used on input line 33.
(pdftex.def)             Requested size: 252.95705pt x 216.81464pt.


Package Fancyhdr Warning: \headheight is too small (12.0pt): 
 Make it at least 14.49998pt.
 We now make it that large for the rest of the document.
 This may cause the page layout to be inconsistent, however.

[5pdfTeX warning (ext4): destination with the same identifier (name{figure.2.2}
) has been already used, duplicate ignored

\AtBegShi@Output ...ipout \box \AtBeginShipoutBox 
                                                  \fi \fi 
l.36 \subsection
                {Broadcom Blutonium} <./images/qualcomm_atheros.png>]
Missing character: There is no ‚ in font cmr12!
Missing character: There is no Ä in font cmr12!
Missing character: There is no ô in font cmr12!

<images/broadcom_blutonium.png, id=573, 401.5pt x 401.5pt>
File: images/broadcom_blutonium.png Graphic file (type png)

<use images/broadcom_blutonium.png>
Package pdftex.def Info: images/broadcom_blutonium.png used on input line 40.
(pdftex.def)             Requested size: 252.95245pt x 216.81288pt.


Package Fancyhdr Warning: \headheight is too small (12.0pt): 
 Make it at least 14.49998pt.
 We now make it that large for the rest of the document.
 This may cause the page layout to be inconsistent, however.

[6pdfTeX warning (ext4): destination with the same identifier (name{figure.2.3}
) has been already used, duplicate ignored

\AtBegShi@Output ...ipout \box \AtBeginShipoutBox 
                                                  \fi \fi 
l.43 \subsection
                {Marvell Bluetooth} <./images/intel_bluetooth.png>]
Missing character: There is no ‚ in font cmr12!
Missing character: There is no Ä in font cmr12!
Missing character: There is no ô in font cmr12!

<images/marvell_bluetooth.png, id=578, 321.2pt x 262.9825pt>
File: images/marvell_bluetooth.png Graphic file (type png)

<use images/marvell_bluetooth.png>
Package pdftex.def Info: images/marvell_bluetooth.png used on input line 48.
(pdftex.def)             Requested size: 252.95123pt x 216.81876pt.
Missing character: There is no ‚ in font cmr12!
Missing character: There is no Ä in font cmr12!
Missing character: There is no ô in font cmr12!
Missing character: There is no ‚ in font cmr12!
Missing character: There is no Ä in font cmr12!
Missing character: There is no ô in font cmr12!

<images/3com_bluetooth.png, id=579, 154.176pt x 108.6459pt>
File: images/3com_bluetooth.png Graphic file (type png)

<use images/3com_bluetooth.png>
Package pdftex.def Info: images/3com_bluetooth.png used on input line 56.
(pdftex.def)             Requested size: 252.94904pt x 216.81874pt.


Package Fancyhdr Warning: \headheight is too small (12.0pt): 
 Make it at least 14.49998pt.
 We now make it that large for the rest of the document.
 This may cause the page layout to be inconsistent, however.

[7pdfTeX warning (ext4): destination with the same identifier (name{figure.2.4}
) has been already used, duplicate ignored

\AtBegShi@Output ...ipout \box \AtBeginShipoutBox 
                                                  \fi \fi 
l.59 \subsection
                {Texas Instrument Dual-mode Bluetooth CC2564 Module}pdfTeX warn
ing (ext4): destination with the same identifier (name{figure.2.5}) has been al
ready used, duplicate ignored

\AtBegShi@Output ...ipout \box \AtBeginShipoutBox 
                                                  \fi \fi 
l.59 \subsection
                {Texas Instrument Dual-mode Bluetooth CC2564 Module} <./images/
broadcom_blutonium.png> <./images/marvell_bluetooth.png>]

Package Fancyhdr Warning: \headheight is too small (12.0pt): 
 Make it at least 14.49998pt.
 We now make it that large for the rest of the document.
 This may cause the page layout to be inconsistent, however.

[8pdfTeX warning (ext4): destination with the same identifier (name{figure.2.6}
) has been already used, duplicate ignored

\AtBegShi@Output ...ipout \box \AtBeginShipoutBox 
                                                  \fi \fi 
l.66 	\item C
             lass 1.5 Transmit Power (+10dBm) <./images/3com_bluetooth.png>]

Package Fancyhdr Warning: \headheight is too small (12.0pt): 
 Make it at least 14.49998pt.
 We now make it that large for the rest of the document.
 This may cause the page layout to be inconsistent, however.

[9]

Package Fancyhdr Warning: \headheight is too small (12.0pt): 
 Make it at least 14.49998pt.
 We now make it that large for the rest of the document.
 This may cause the page layout to be inconsistent, however.

[10]
Overfull \hbox (18.91373pt too wide) in paragraph at lines 95--95
 |[]\OT1/cmr/bx/n/14.4 Does Linux sup-ports what Blu-eNRG uses to com-mu-ni-cat
e through?| 
 []

Missing character: There is no ‚ in font cmr12!
Missing character: There is no Ä in font cmr12!
Missing character: There is no ô in font cmr12!
)

Package Fancyhdr Warning: \headheight is too small (12.0pt): 
 Make it at least 14.49998pt.
 We now make it that large for the rest of the document.
 This may cause the page layout to be inconsistent, however.

[11] (./input/chapterThree.tex
Chapter 3.
<images/device_configuration.png, id=602, 512.91624pt x 200.75pt>
File: images/device_configuration.png Graphic file (type png)

<use images/device_configuration.png>
Package pdftex.def Info: images/device_configuration.png used on input line 12.

(pdftex.def)             Requested size: 256.45749pt x 100.37474pt.
 [12

]
Missing character: There is no ‚ in font cmr12!
Missing character: There is no Ä in font cmr12!
Missing character: There is no ô in font cmr12!
Missing character: There is no ‚ in font cmr12!
Missing character: There is no Ä in font cmr12!
Missing character: There is no ô in font cmr12!

<images/broadcast_topology.png, id=607, 1299.85625pt x 659.46375pt>
File: images/broadcast_topology.png Graphic file (type png)

<use images/broadcast_topology.png>
Package pdftex.def Info: images/broadcast_topology.png used on input line 36.
(pdftex.def)             Requested size: 252.94534pt x 216.80864pt.


Package Fancyhdr Warning: \headheight is too small (12.0pt): 
 Make it at least 14.49998pt.
 We now make it that large for the rest of the document.
 This may cause the page layout to be inconsistent, however.

[13pdfTeX warning (ext4): destination with the same identifier (name{figure.3.1
}) has been already used, duplicate ignored

\AtBegShi@Output ...ipout \box \AtBeginShipoutBox 
                                                  \fi \fi 
l.39 \subsubsection
                   {Connections} <./images/device_configuration.png>]
<images/connected_topology.png, id=617, 1303.87125pt x 658.46pt>
File: images/connected_topology.png Graphic file (type png)

<use images/connected_topology.png>
Package pdftex.def Info: images/connected_topology.png used on input line 45.
(pdftex.def)             Requested size: 252.93082pt x 216.8102pt.


Package Fancyhdr Warning: \headheight is too small (12.0pt): 
 Make it at least 14.49998pt.
 We now make it that large for the rest of the document.
 This may cause the page layout to be inconsistent, however.

[14pdfTeX warning (ext4): destination with the same identifier (name{figure.3.2
}) has been already used, duplicate ignored

\AtBegShi@Output ...ipout \box \AtBeginShipoutBox 
                                                  \fi \fi 
l.48 \subsubsection
                   {Mixed Topology} <./images/broadcast_topology.png>]
<images/mixed_topology.png, id=623, 1482.53876pt x 772.8875pt>
File: images/mixed_topology.png Graphic file (type png)

<use images/mixed_topology.png>
Package pdftex.def Info: images/mixed_topology.png used on input line 52.
(pdftex.def)             Requested size: 252.93312pt x 216.80798pt.


Package Fancyhdr Warning: \headheight is too small (12.0pt): 
 Make it at least 14.49998pt.
 We now make it that large for the rest of the document.
 This may cause the page layout to be inconsistent, however.

[15pdfTeX warning (ext4): destination with the same identifier (name{figure.3.3
}) has been already used, duplicate ignored

\AtBegShi@Output ...ipout \box \AtBeginShipoutBox 
                                                  \fi \fi 
l.58 \begin{enumerate}
                      pdfTeX warning (ext4): destination with the same identifi
er (name{figure.3.4}) has been already used, duplicate ignored

\AtBegShi@Output ...ipout \box \AtBeginShipoutBox 
                                                  \fi \fi 
l.58 \begin{enumerate}
                       <./images/connected_topology.png> <./images/mixed_topolo
gy.png>] <images/ble_architecture.png, id=631, 1366.10374pt x 1080.035pt>
File: images/ble_architecture.png Graphic file (type png)

<use images/ble_architecture.png>
Package pdftex.def Info: images/ble_architecture.png used on input line 66.
(pdftex.def)             Requested size: 273.21591pt x 216.00317pt.


Package Fancyhdr Warning: \headheight is too small (12.0pt): 
 Make it at least 14.49998pt.
 We now make it that large for the rest of the document.
 This may cause the page layout to be inconsistent, however.

[16pdfTeX warning (ext4): destination with the same identifier (name{figure.3.5
}) has been already used, duplicate ignored

\AtBegShi@Output ...ipout \box \AtBeginShipoutBox 
                                                  \fi \fi 
l.75 \end{enumerate}
                     <./images/ble_architecture.png>]
<images/chip_count.png, id=643, 1556.81625pt x 704.6325pt>
File: images/chip_count.png Graphic file (type png)

<use images/chip_count.png>
Package pdftex.def Info: images/chip_count.png used on input line 78.
(pdftex.def)             Requested size: 311.35774pt x 140.924pt.

<images/physical_channel.png, id=644, 1556.81625pt x 474.77374pt>
File: images/physical_channel.png Graphic file (type png)

<use images/physical_channel.png>
Package pdftex.def Info: images/physical_channel.png used on input line 98.
(pdftex.def)             Requested size: 467.04848pt x 142.43321pt.


Package Fancyhdr Warning: \headheight is too small (12.0pt): 
 Make it at least 14.49998pt.
 We now make it that large for the rest of the document.
 This may cause the page layout to be inconsistent, however.

[17pdfTeX warning (ext4): destination with the same identifier (name{figure.3.6
}) has been already used, duplicate ignored

\AtBegShi@Output ...ipout \box \AtBeginShipoutBox 
                                                  \fi \fi 
l.101 \subsubsection
                    {Link Layer} <./images/chip_count.png>]
Missing character: There is no ‚ in font cmr12!
Missing character: There is no Ä in font cmr12!
Missing character: There is no ô in font cmr12!


Package Fancyhdr Warning: \headheight is too small (12.0pt): 
 Make it at least 14.49998pt.
 We now make it that large for the rest of the document.
 This may cause the page layout to be inconsistent, however.

[18pdfTeX warning (ext4): destination with the same identifier (name{figure.3.7
}) has been already used, duplicate ignored

\AtBegShi@Output ...ipout \box \AtBeginShipoutBox 
                                                  \fi \fi 
l.117 \end{enumerate}
                      <./images/physical_channel.png>]
<images/advertising_scanning.png, id=664, 1528.71124pt x 741.77126pt>
File: images/advertising_scanning.png Graphic file (type png)

<use images/advertising_scanning.png>
Package pdftex.def Info: images/advertising_scanning.png used on input line 127
.
(pdftex.def)             Requested size: 305.73683pt x 148.35162pt.

<images/advertising_packet_types.png, id=665, 697.60625pt x 164.615pt>
File: images/advertising_packet_types.png Graphic file (type png)

<use images/advertising_packet_types.png>
Package pdftex.def Info: images/advertising_packet_types.png used on input line
 133.
(pdftex.def)             Requested size: 348.80226pt x 82.3073pt.

<images/connection_event.png, id=666, 1325.95375pt x 564.1075pt>
File: images/connection_event.png Graphic file (type png)

<use images/connection_event.png>
Package pdftex.def Info: images/connection_event.png used on input line 140.
(pdftex.def)             Requested size: 464.09077pt x 197.44057pt.


Package Fancyhdr Warning: \headheight is too small (12.0pt): 
 Make it at least 14.49998pt.
 We now make it that large for the rest of the document.
 This may cause the page layout to be inconsistent, however.

[19pdfTeX warning (ext4): destination with the same identifier (name{figure.3.8
}) has been already used, duplicate ignored

\AtBegShi@Output ...ipout \box \AtBeginShipoutBox 
                                                  \fi \fi 
l.143 \paragraph{Link Layer connection parameters}
                                                  pdfTeX warning (ext4): destin
ation with the same identifier (name{figure.3.9}) has been already used, duplic
ate ignored

\AtBegShi@Output ...ipout \box \AtBeginShipoutBox 
                                                  \fi \fi 
l.143 \paragraph{Link Layer connection parameters}
                                                   <./images/advertising_scanni
ng.png> <./images/advertising_packet_types.png>]

Package Fancyhdr Warning: \headheight is too small (12.0pt): 
 Make it at least 14.49998pt.
 We now make it that large for the rest of the document.
 This may cause the page layout to be inconsistent, however.

[20pdfTeX warning (ext4): destination with the same identifier (name{figure.3.1
0}) has been already used, duplicate ignored

\AtBegShi@Output ...ipout \box \AtBeginShipoutBox 
                                                  \fi \fi 
l.157 \end{itemize}
                    <./images/connection_event.png>]

Package Fancyhdr Warning: \headheight is too small (12.0pt): 
 Make it at least 14.49998pt.
 We now make it that large for the rest of the document.
 This may cause the page layout to be inconsistent, however.

[21]

Package Fancyhdr Warning: \headheight is too small (12.0pt): 
 Make it at least 14.49998pt.
 We now make it that large for the rest of the document.
 This may cause the page layout to be inconsistent, however.

[22] <images/gatt_server.png, id=701, 856.19875pt x 1199.48125pt>
File: images/gatt_server.png Graphic file (type png)

<use images/gatt_server.png>
Package pdftex.def Info: images/gatt_server.png used on input line 230.
(pdftex.def)             Requested size: 171.23671pt x 239.892pt.


Package Fancyhdr Warning: \headheight is too small (12.0pt): 
 Make it at least 14.49998pt.
 We now make it that large for the rest of the document.
 This may cause the page layout to be inconsistent, however.

[23]

Package Fancyhdr Warning: \headheight is too small (12.0pt): 
 Make it at least 14.49998pt.
 We now make it that large for the rest of the document.
 This may cause the page layout to be inconsistent, however.

[24pdfTeX warning (ext4): destination with the same identifier (name{figure.3.1
1}) has been already used, duplicate ignored

\AtBegShi@Output ...ipout \box \AtBeginShipoutBox 
                                                  \fi \fi 
l.251 		\begin{enumerate}
                          <./images/gatt_server.png>]
<images/bluez_intro.png, id=730, 273.02pt x 185.69376pt>
File: images/bluez_intro.png Graphic file (type png)

<use images/bluez_intro.png>
Package pdftex.def Info: images/bluez_intro.png used on input line 265.
(pdftex.def)             Requested size: 252.9478pt x 216.81596pt.


Package Fancyhdr Warning: \headheight is too small (12.0pt): 
 Make it at least 14.49998pt.
 We now make it that large for the rest of the document.
 This may cause the page layout to be inconsistent, however.

[25pdfTeX warning (ext4): destination with the same identifier (name{figure.3.1
2}) has been already used, duplicate ignored

\AtBegShi@Output ...ipout \box \AtBeginShipoutBox 
                                                  \fi \fi 
l.271 \subsection
                 {The Bluetooth Stack} <./images/bluez_intro.png>]
<images/bluetooth_stack.png, id=739, 400.49625pt x 369.38pt>
File: images/bluetooth_stack.png Graphic file (type png)

<use images/bluetooth_stack.png>
Package pdftex.def Info: images/bluetooth_stack.png used on input line 281.
(pdftex.def)             Requested size: 200.24763pt x 184.68954pt.

<images/kernel_userspace.png, id=740, 473.77pt x 260.975pt>
File: images/kernel_userspace.png Graphic file (type png)

<use images/kernel_userspace.png>
Package pdftex.def Info: images/kernel_userspace.png used on input line 287.
(pdftex.def)             Requested size: 252.94034pt x 216.81229pt.


Package Fancyhdr Warning: \headheight is too small (12.0pt): 
 Make it at least 14.49998pt.
 We now make it that large for the rest of the document.
 This may cause the page layout to be inconsistent, however.

[26pdfTeX warning (ext4): destination with the same identifier (name{figure.3.1
3}) has been already used, duplicate ignored

\AtBegShi@Output ...ipout \box \AtBeginShipoutBox 
                                                  \fi \fi 
l.293 	\item L
              ow level protocols (L2CAP, RFCOMM, BNEP, HIDP, etc) <./images/blu
etooth_stack.png (PNG copy)>]
Overfull \hbox (32.06671pt too wide) in paragraph at lines 302--303
\OT1/cmr/m/n/12 The source for the user-space side of Blue can be ne ob-tained 
from \OT1/cmr/bx/n/12 http://www.bluez.org/download/\OT1/cmr/m/n/12 .
 []


Package Fancyhdr Warning: \headheight is too small (12.0pt): 
 Make it at least 14.49998pt.
 We now make it that large for the rest of the document.
 This may cause the page layout to be inconsistent, however.

[27pdfTeX warning (ext4): destination with the same identifier (name{figure.3.1
4}) has been already used, duplicate ignored

\AtBegShi@Output ...ipout \box \AtBeginShipoutBox 
                                                  \fi \fi 
l.316 	\end{itemize}
                     <./images/kernel_userspace.png (PNG copy)>]
Missing character: There is no ‚ in font cmr12!
Missing character: There is no Ä in font cmr12!
Missing character: There is no ì in font cmr12!

<images/whole_bluez.png, id=752, 1071.00125pt x 508.90125pt>
File: images/whole_bluez.png Graphic file (type png)

<use images/whole_bluez.png>
Package pdftex.def Info: images/whole_bluez.png used on input line 327.
(pdftex.def)             Requested size: 252.94366pt x 216.81209pt.


Package Fancyhdr Warning: \headheight is too small (12.0pt): 
 Make it at least 14.49998pt.
 We now make it that large for the rest of the document.
 This may cause the page layout to be inconsistent, however.

[28pdfTeX warning (ext4): destination with the same identifier (name{figure.3.1
5}) has been already used, duplicate ignored

\AtBegShi@Output ...ipout \box \AtBeginShipoutBox 
                                                  \fi \fi 
l.332 \subsection{General Description}
                                       <./images/whole_bluez.png (PNG copy)>]
<images/bluenrg_spi.png, id=758, 548.0475pt x 573.14125pt>
File: images/bluenrg_spi.png Graphic file (type png)

<use images/bluenrg_spi.png>
Package pdftex.def Info: images/bluenrg_spi.png used on input line 350.
(pdftex.def)             Requested size: 252.94952pt x 216.8077pt.


Package Fancyhdr Warning: \headheight is too small (12.0pt): 
 Make it at least 14.49998pt.
 We now make it that large for the rest of the document.
 This may cause the page layout to be inconsistent, however.

[29]

Package Fancyhdr Warning: \headheight is too small (12.0pt): 
 Make it at least 14.49998pt.
 We now make it that large for the rest of the document.
 This may cause the page layout to be inconsistent, however.

[30pdfTeX warning (ext4): destination with the same identifier (name{figure.3.1
6}) has been already used, duplicate ignored

\AtBegShi@Output ...ipout \box \AtBeginShipoutBox 
                                                  \fi \fi 
l.447 \subsection
                 {Core, Memory and Peripherals}pdfTeX warning (ext4): destinati
on with the same identifier (name{table.3.1}) has been already used, duplicate 
ignored

\AtBegShi@Output ...ipout \box \AtBeginShipoutBox 
                                                  \fi \fi 
l.447 \subsection
                 {Core, Memory and Peripherals} <./images/bluenrg_spi.png>]

Package Fancyhdr Warning: \headheight is too small (12.0pt): 
 Make it at least 14.49998pt.
 We now make it that large for the rest of the document.
 This may cause the page layout to be inconsistent, however.

[31pdfTeX warning (ext4): destination with the same identifier (name{table.3.2}
) has been already used, duplicate ignored

\AtBegShi@Output ...ipout \box \AtBeginShipoutBox 
                                                  \fi \fi 
l.481 \subsection
                 {Bluetooth Low Energy Radio}pdfTeX warning (ext4): destination
 with the same identifier (name{table.3.3}) has been already used, duplicate ig
nored

\AtBegShi@Output ...ipout \box \AtBeginShipoutBox 
                                                  \fi \fi 
l.481 \subsection
                 {Bluetooth Low Energy Radio}]
<images/operating_modes.png, id=771, 556.0775pt x 380.42125pt>
File: images/operating_modes.png Graphic file (type png)

<use images/operating_modes.png>
Package pdftex.def Info: images/operating_modes.png used on input line 504.
(pdftex.def)             Requested size: 252.94777pt x 216.81332pt.


Package Fancyhdr Warning: \headheight is too small (12.0pt): 
 Make it at least 14.49998pt.
 We now make it that large for the rest of the document.
 This may cause the page layout to be inconsistent, however.

[32]

Package Fancyhdr Warning: \headheight is too small (12.0pt): 
 Make it at least 14.49998pt.
 We now make it that large for the rest of the document.
 This may cause the page layout to be inconsistent, however.

[33pdfTeX warning (ext4): destination with the same identifier (name{figure.3.1
7}) has been already used, duplicate ignored

\AtBegShi@Output ...ipout \box \AtBeginShipoutBox 
                                                  \fi \fi 
l.531 \section
              {How it all ties up togethor} <./images/operating_modes.png>]
<images/flow_chart.png, id=780, 597.23125pt x 526.96875pt>
File: images/flow_chart.png Graphic file (type png)

<use images/flow_chart.png>
Package pdftex.def Info: images/flow_chart.png used on input line 538.
(pdftex.def)             Requested size: 298.61488pt x 263.48372pt.
)

Package Fancyhdr Warning: \headheight is too small (12.0pt): 
 Make it at least 14.49998pt.
 We now make it that large for the rest of the document.
 This may cause the page layout to be inconsistent, however.

[34pdfTeX warning (ext4): destination with the same identifier (name{table.3.4}
) has been already used, duplicate ignored

\AtBegShi@Output ...ipout \box \AtBeginShipoutBox 
                                                  \fi \fi 
l.91 	\newpage
              ] (./input/chapterFour.tex

Package Fancyhdr Warning: \headheight is too small (12.0pt): 
 Make it at least 14.49998pt.
 We now make it that large for the rest of the document.
 This may cause the page layout to be inconsistent, however.

[35pdfTeX warning (ext4): destination with the same identifier (name{figure.3.1
8}) has been already used, duplicate ignored

\AtBegShi@Output ...ipout \box \AtBeginShipoutBox 
                                                  \fi \fi 
l.1 \chapter
            {Development And Implementation} <./images/flow_chart.png>]
Chapter 4.
[36

]
Missing character: There is no ¬ in font cmr12!
Missing character: There is no † in font cmr12!
Missing character: There is no ¬ in font cmr12!
Missing character: There is no † in font cmr12!
Missing character: There is no ¬ in font cmr12!
Missing character: There is no † in font cmr12!
Missing character: There is no ¬ in font cmr12!
Missing character: There is no † in font cmr12!
Missing character: There is no ¬ in font cmr12!
Missing character: There is no † in font cmr12!
Missing character: There is no ‚ in font cmr12!
Missing character: There is no Ä in font cmr12!
Missing character: There is no ú in font cmr12!
Missing character: There is no ‚ in font cmr12!
Missing character: There is no Ä in font cmr12!
Missing character: There is no ù in font cmr12!
Missing character: There is no ¬ in font cmr12!
Missing character: There is no † in font cmr12!
Missing character: There is no ¬ in font cmr12!
Missing character: There is no † in font cmr12!
Missing character: There is no ‚ in font cmr12!
Missing character: There is no Ä in font cmr12!
Missing character: There is no ú in font cmr12!
Missing character: There is no ‚ in font cmr12!
Missing character: There is no Ä in font cmr12!
Missing character: There is no ù in font cmr12!
Missing character: There is no ¬ in font cmr12!
Missing character: There is no † in font cmr12!
Missing character: There is no ¬ in font cmr12!
Missing character: There is no † in font cmr12!
Missing character: There is no ¬ in font cmr12!
Missing character: There is no † in font cmr12!
Missing character: There is no ¬ in font cmr12!
Missing character: There is no † in font cmr12!
Missing character: There is no ¬ in font cmr12!
Missing character: There is no † in font cmr12!
Missing character: There is no ¬ in font cmr12!
Missing character: There is no † in font cmr12!
Missing character: There is no ¬ in font cmr12!
Missing character: There is no † in font cmr12!
Missing character: There is no ¬ in font cmr12!
Missing character: There is no † in font cmr12!
Missing character: There is no ¬ in font cmr12!
Missing character: There is no † in font cmr12!
Missing character: There is no ¬ in font cmr12!
Missing character: There is no † in font cmr12!
Missing character: There is no ¬ in font cmr12!
Missing character: There is no † in font cmr12!
Missing character: There is no ‚ in font cmr12!
Missing character: There is no Ä in font cmr12!
Missing character: There is no ú in font cmr12!
Missing character: There is no ‚ in font cmr12!
Missing character: There is no Ä in font cmr12!
Missing character: There is no ù in font cmr12!


Package Fancyhdr Warning: \headheight is too small (12.0pt): 
 Make it at least 14.49998pt.
 We now make it that large for the rest of the document.
 This may cause the page layout to be inconsistent, however.

[37]

Package Fancyhdr Warning: \headheight is too small (12.0pt): 
 Make it at least 14.49998pt.
 We now make it that large for the rest of the document.
 This may cause the page layout to be inconsistent, however.

[38]

Package Fancyhdr Warning: \headheight is too small (12.0pt): 
 Make it at least 14.49998pt.
 We now make it that large for the rest of the document.
 This may cause the page layout to be inconsistent, however.

[39]

Package Fancyhdr Warning: \headheight is too small (12.0pt): 
 Make it at least 14.49998pt.
 We now make it that large for the rest of the document.
 This may cause the page layout to be inconsistent, however.

[40]

Package Fancyhdr Warning: \headheight is too small (12.0pt): 
 Make it at least 14.49998pt.
 We now make it that large for the rest of the document.
 This may cause the page layout to be inconsistent, however.

[41]
Missing character: There is no ‚ in font cmr12!
Missing character: There is no Ä in font cmr12!
Missing character: There is no ì in font cmr12!
Missing character: There is no ¬ in font cmr12!
Missing character: There is no ≤ in font cmr12!
 <images/raspberry_pi.png, id=815, 1027.84pt x 1027.84pt>
File: images/raspberry_pi.png Graphic file (type png)

<use images/raspberry_pi.png>
Package pdftex.def Info: images/raspberry_pi.png used on input line 73.
(pdftex.def)             Requested size: 252.94438pt x 216.80946pt.


Package Fancyhdr Warning: \headheight is too small (12.0pt): 
 Make it at least 14.49998pt.
 We now make it that large for the rest of the document.
 This may cause the page layout to be inconsistent, however.

[42] <images/beaglebone_black.png, id=821, 457.71pt x 412.54124pt>
File: images/beaglebone_black.png Graphic file (type png)

<use images/beaglebone_black.png>
Package pdftex.def Info: images/beaglebone_black.png used on input line 81.
(pdftex.def)             Requested size: 252.94254pt x 216.81401pt.


Package Fancyhdr Warning: \headheight is too small (12.0pt): 
 Make it at least 14.49998pt.
 We now make it that large for the rest of the document.
 This may cause the page layout to be inconsistent, however.

[43pdfTeX warning (ext4): destination with the same identifier (name{figure.4.1
}) has been already used, duplicate ignored

\AtBegShi@Output ...ipout \box \AtBeginShipoutBox 
                                                  \fi \fi 
l.84 \section
             {Tools used} <./images/raspberry_pi.png>]
<images/buildroot.png, id=826, 668.4975pt x 462.72874pt>
File: images/buildroot.png Graphic file (type png)

<use images/buildroot.png>
Package pdftex.def Info: images/buildroot.png used on input line 92.
(pdftex.def)             Requested size: 252.94023pt x 216.81177pt.


Package Fancyhdr Warning: \headheight is too small (12.0pt): 
 Make it at least 14.49998pt.
 We now make it that large for the rest of the document.
 This may cause the page layout to be inconsistent, however.

[44pdfTeX warning (ext4): destination with the same identifier (name{figure.4.2
}) has been already used, duplicate ignored

\AtBegShi@Output ...ipout \box \AtBeginShipoutBox 
                                                  \fi \fi 
l.95 \subsection
                {Cscope} <./images/beaglebone_black.png>]
Missing character: There is no ‚ in font cmr12!
Missing character: There is no Ä in font cmr12!
Missing character: There is no ô in font cmr12!

<images/cscope.png, id=831, 540.16237pt x 409.0333pt>
File: images/cscope.png Graphic file (type png)
 <use images/cscope.png>
Package pdftex.def Info: images/cscope.png used on input line 104.
(pdftex.def)             Requested size: 270.08052pt x 204.51614pt.


Package Fancyhdr Warning: \headheight is too small (12.0pt): 
 Make it at least 14.49998pt.
 We now make it that large for the rest of the document.
 This may cause the page layout to be inconsistent, however.

[45pdfTeX warning (ext4): destination with the same identifier (name{figure.4.3
}) has been already used, duplicate ignored

\AtBegShi@Output ...ipout \box \AtBeginShipoutBox 
                                                  \fi \fi 
l.107 \section
              {Testing} <./images/buildroot.png>]

Package Fancyhdr Warning: \headheight is too small (12.0pt): 
 Make it at least 14.49998pt.
 We now make it that large for the rest of the document.
 This may cause the page layout to be inconsistent, however.

[46pdfTeX warning (ext4): destination with the same identifier (name{figure.4.4
}) has been already used, duplicate ignored

\AtBegShi@Output ...ipout \box \AtBeginShipoutBox 
                                                  \fi \fi 
l.114 		\item T
               his command should return the following output: <./images/cscope
.png>] <images/lestates.png, id=841, 732.48656pt x 484.05844pt>
File: images/lestates.png Graphic file (type png)

<use images/lestates.png>
Package pdftex.def Info: images/lestates.png used on input line 117.
(pdftex.def)             Requested size: 366.24237pt x 242.02863pt.

<images/lescan.png, id=842, 316.18124pt x 140.02313pt>
File: images/lescan.png Graphic file (type png)
 <use images/lescan.png>
Package pdftex.def Info: images/lescan.png used on input line 128.
(pdftex.def)             Requested size: 158.09023pt x 70.01138pt.


Package Fancyhdr Warning: \headheight is too small (12.0pt): 
 Make it at least 14.49998pt.
 We now make it that large for the rest of the document.
 This may cause the page layout to be inconsistent, however.

[47pdfTeX warning (ext4): destination with the same identifier (name{figure.4.5
}) has been already used, duplicate ignored

\AtBegShi@Output ...ipout \box \AtBeginShipoutBox 
                                                  \fi \fi 
l.135 		\item R
               ead profiles:\\pdfTeX warning (ext4): destination with the same 
identifier (name{figure.4.6}) has been already used, duplicate ignored

\AtBegShi@Output ...ipout \box \AtBeginShipoutBox 
                                                  \fi \fi 
l.135 		\item R
               ead profiles:\\ <./images/lestates.png> <./images/lescan.png>]
<images/gatttool1.png, id=853, 663.22781pt x 624.08156pt>
File: images/gatttool1.png Graphic file (type png)

<use images/gatttool1.png>
Package pdftex.def Info: images/gatttool1.png used on input line 141.
(pdftex.def)             Requested size: 331.6131pt x 312.04001pt.

<images/gatttool2.png, id=854, 523.20468pt x 129.48375pt>
File: images/gatttool2.png Graphic file (type png)

<use images/gatttool2.png>
Package pdftex.def Info: images/gatttool2.png used on input line 150.
(pdftex.def)             Requested size: 261.6017pt x 64.7417pt.


Package Fancyhdr Warning: \headheight is too small (12.0pt): 
 Make it at least 14.49998pt.
 We now make it that large for the rest of the document.
 This may cause the page layout to be inconsistent, however.

[48pdfTeX warning (ext4): destination with the same identifier (name{figure.4.7
}) has been already used, duplicate ignored

\AtBegShi@Output ...ipout \box \AtBeginShipoutBox 
                                                  \fi \fi 
l.158 \subsection
                 {Reading Beacons using BLE} <./images/gatttool1.png>]
<images/beacon_read.png, id=867, 551.81157pt x 213.04594pt>
File: images/beacon_read.png Graphic file (type png)

<use images/beacon_read.png>
Package pdftex.def Info: images/beacon_read.png used on input line 170.
(pdftex.def)             Requested size: 275.9051pt x 106.5227pt.

<images/advertising_beacons.png, id=868, 580.41844pt x 243.15843pt>
File: images/advertising_beacons.png Graphic file (type png)

<use images/advertising_beacons.png>
Package pdftex.def Info: images/advertising_beacons.png used on input line 184.

(pdftex.def)             Requested size: 290.20851pt x 121.57892pt.
)

Package Fancyhdr Warning: \headheight is too small (12.0pt): 
 Make it at least 14.49998pt.
 We now make it that large for the rest of the document.
 This may cause the page layout to be inconsistent, however.

[49pdfTeX warning (ext4): destination with the same identifier (name{figure.4.8
}) has been already used, duplicate ignored

\AtBegShi@Output ...ipout \box \AtBeginShipoutBox 
                                                  \fi \fi 
l.94 	\newpage
              pdfTeX warning (ext4): destination with the same identifier (name
{figure.4.9}) has been already used, duplicate ignored

\AtBegShi@Output ...ipout \box \AtBeginShipoutBox 
                                                  \fi \fi 
l.94 	\newpage
               <./images/gatttool2.png> <./images/beacon_read.png>]
(./input/chapterFive.tex

Package Fancyhdr Warning: \headheight is too small (12.0pt): 
 Make it at least 14.49998pt.
 We now make it that large for the rest of the document.
 This may cause the page layout to be inconsistent, however.

[50pdfTeX warning (ext4): destination with the same identifier (name{figure.4.1
0}) has been already used, duplicate ignored

\AtBegShi@Output ...ipout \box \AtBeginShipoutBox 
                                                  \fi \fi 
l.1 \chapter
            {Conclusion and Future Scope} <./images/advertising_beacons.png>]
Chapter 5.
[51

])

Package Fancyhdr Warning: \headheight is too small (12.0pt): 
 Make it at least 14.49998pt.
 We now make it that large for the rest of the document.
 This may cause the page layout to be inconsistent, however.

[52] (./input/references.tex
Chapter 6.
[53

]) AED: lastpage setting LastPage [54

]
Package atveryend Info: Empty hook `BeforeClearDocument' on input line 100.
Package atveryend Info: Empty hook `AfterLastShipout' on input line 100.
 (./report.aux)
Package atveryend Info: Executing hook `AtVeryEndDocument' on input line 100.
Package atveryend Info: Executing hook `AtEndAfterFileList' on input line 100.


Package rerunfilecheck Warning: File `report.out' has changed.
(rerunfilecheck)                Rerun to get outlines right
(rerunfilecheck)                or use package `bookmark'.

Package rerunfilecheck Info: Checksums for `report.out':
(rerunfilecheck)             Before: D7EEDE76C80B6F346C787D40C942BA83;6143
(rerunfilecheck)             After:  3D8B494DE00EF4E7205FA1A66CABDEB7;6188.

LaTeX Warning: Label(s) may have changed. Rerun to get cross-references right.

Package atveryend Info: Empty hook `AtVeryVeryEnd' on input line 100.
 ) 
Here is how much of TeX's memory you used:
 8294 strings out of 493304
 117696 string characters out of 6139870
 324288 words of memory out of 5000000
 11303 multiletter control sequences out of 15000+600000
 14275 words of font info for 53 fonts, out of 8000000 for 9000
 957 hyphenation exceptions out of 8191
 36i,13n,43p,1476b,450s stack positions out of 5000i,500n,10000p,200000b,80000s
</usr/share/texlive/texmf-dist/fonts/type1/public/amsfonts/cm/cmbx12.pfb></us
r/share/texlive/texmf-dist/fonts/type1/public/amsfonts/cm/cmbx6.pfb></usr/share
/texlive/texmf-dist/fonts/type1/public/amsfonts/cm/cmr12.pfb></usr/share/texliv
e/texmf-dist/fonts/type1/public/amsfonts/cm/cmr17.pfb></usr/share/texlive/texmf
-dist/fonts/type1/public/amsfonts/cm/cmsl12.pfb></usr/share/texlive/texmf-dist/
fonts/type1/public/amsfonts/cm/cmss17.pfb></usr/share/texlive/texmf-dist/fonts/
type1/public/amsfonts/cm/cmsy10.pfb></usr/share/texlive/texmf-dist/fonts/type1/
public/amsfonts/cm/cmti12.pfb>
Output written on report.pdf (63 pages, 1985474 bytes).
PDF statistics:
 1000 PDF objects out of 1000 (max. 8388607)
 864 compressed objects within 9 object streams
 268 named destinations out of 1000 (max. 500000)
 845 words of extra memory for PDF output out of 10000 (max. 10000000)

