\BOOKMARK [1][]{section.0.1}{Introduction}{}% 1
\BOOKMARK [2][]{subsection.0.1.1}{Technologies Used}{section.0.1}% 2
\BOOKMARK [0][]{chapter.1}{Introduction to Organiztion}{}% 3
\BOOKMARK [0][]{chapter.2}{Introduction to Project}{}% 4
\BOOKMARK [1][]{section.2.1}{Overview}{chapter.2}% 5
\BOOKMARK [1][]{section.2.2}{Existing Systems}{chapter.2}% 6
\BOOKMARK [2][]{subsection.2.2.1}{BlueFritz USB Bluetooth adapter}{section.2.2}% 7
\BOOKMARK [2][]{subsection.2.2.2}{Qualcomm Atheros chips}{section.2.2}% 8
\BOOKMARK [2][]{subsection.2.2.3}{Intel Bluetooth Devices}{section.2.2}% 9
\BOOKMARK [2][]{subsection.2.2.4}{Broadcom Blutonium}{section.2.2}% 10
\BOOKMARK [2][]{subsection.2.2.5}{Marvell Bluetooth}{section.2.2}% 11
\BOOKMARK [2][]{subsection.2.2.6}{3Com Bluetooth PCMCIA Card}{section.2.2}% 12
\BOOKMARK [2][]{subsection.2.2.7}{Texas Instrument Dual-mode Bluetooth CC2564 Module}{section.2.2}% 13
\BOOKMARK [1][]{section.2.3}{Requirement Analysis}{chapter.2}% 14
\BOOKMARK [1][]{section.2.4}{Feasibility Study}{chapter.2}% 15
\BOOKMARK [2][]{subsection.2.4.1}{ Does BlueNRG support what Bluez offers?}{section.2.4}% 16
\BOOKMARK [2][]{subsection.2.4.2}{Does Linux supports what BlueNRG uses to communicate through?}{section.2.4}% 17
\BOOKMARK [1][]{section.2.5}{Obejectives of the Project}{chapter.2}% 18
\BOOKMARK [0][]{chapter.3}{Product Design}{}% 19
\BOOKMARK [1][]{section.3.1}{Product Functions}{chapter.3}% 20
\BOOKMARK [2][]{subsection.3.1.1}{Bluetooth Low Energy}{section.3.1}% 21
\BOOKMARK [3][]{subsubsection.3.1.1.1}{Device Configuration}{subsection.3.1.1}% 22
\BOOKMARK [3][]{subsubsection.3.1.1.2}{Limitations}{subsection.3.1.1}% 23
\BOOKMARK [3][]{subsubsection.3.1.1.3}{Bluetooth Low Energy Network Topologies}{subsection.3.1.1}% 24
\BOOKMARK [3][]{subsubsection.3.1.1.4}{BLE Architecture}{subsection.3.1.1}% 25
\BOOKMARK [3][]{subsubsection.3.1.1.5}{Classification of devices based on Chip Count}{subsection.3.1.1}% 26
\BOOKMARK [3][]{subsubsection.3.1.1.6}{The Protocol Stack}{subsection.3.1.1}% 27
\BOOKMARK [3][]{subsubsection.3.1.1.7}{The Controller Layer}{subsection.3.1.1}% 28
\BOOKMARK [3][]{subsubsection.3.1.1.8}{The Host Layer}{subsection.3.1.1}% 29
\BOOKMARK [1][]{section.3.2}{Assumptions and Dependencies}{chapter.3}% 30
\BOOKMARK [2][]{subsection.3.2.1}{Bluez The official Linux Bluetooth stack}{section.3.2}% 31
\BOOKMARK [3][]{subsubsection.3.2.1.1}{History}{subsection.3.2.1}% 32
\BOOKMARK [3][]{subsubsection.3.2.1.2}{The Bluetooth Stack}{subsection.3.2.1}% 33
\BOOKMARK [2][]{subsection.3.2.2}{BlueNRG}{section.3.2}% 34
\BOOKMARK [3][]{subsubsection.3.2.2.1}{General Description}{subsection.3.2.2}% 35
\BOOKMARK [3][]{subsubsection.3.2.2.2}{Pin Description}{subsection.3.2.2}% 36
\BOOKMARK [3][]{subsubsection.3.2.2.3}{Core, Memory and Peripherals}{subsection.3.2.2}% 37
\BOOKMARK [3][]{subsubsection.3.2.2.4}{Power Management}{subsection.3.2.2}% 38
\BOOKMARK [3][]{subsubsection.3.2.2.5}{Bluetooth Low Energy Radio}{subsection.3.2.2}% 39
\BOOKMARK [3][]{subsubsection.3.2.2.6}{Operating Modes}{subsection.3.2.2}% 40
\BOOKMARK [1][]{section.3.3}{Product Perspective}{chapter.3}% 41
\BOOKMARK [1][]{section.3.4}{Flow Diagram}{chapter.3}% 42
\BOOKMARK [0][]{chapter.4}{Development and Implementation}{}% 43
\BOOKMARK [1][]{section.4.1}{The Linux Kernel}{chapter.4}% 44
\BOOKMARK [2][]{subsection.4.1.1}{The Linux Device Driver Model}{section.4.1}% 45
\BOOKMARK [3][]{subsubsection.4.1.1.1}{Overview}{subsection.4.1.1}% 46
\BOOKMARK [3][]{subsubsection.4.1.1.2}{Driver Model}{subsection.4.1.1}% 47
\BOOKMARK [2][]{subsection.4.1.2}{Overview of SPI support in Linux}{section.4.1}% 48
\BOOKMARK [3][]{subsubsection.4.1.2.1}{What is SPI?}{subsection.4.1.2}% 49
\BOOKMARK [3][]{subsubsection.4.1.2.2}{Who uses SPI?}{subsection.4.1.2}% 50
\BOOKMARK [3][]{subsubsection.4.1.2.3}{The SPI programming interface}{subsection.4.1.2}% 51
\BOOKMARK [1][]{section.4.2}{The C Programming Language}{chapter.4}% 52
\BOOKMARK [1][]{section.4.3}{Development Boards}{chapter.4}% 53
\BOOKMARK [2][]{subsection.4.3.1}{Raspberry Pi 3}{section.4.3}% 54
\BOOKMARK [2][]{subsection.4.3.2}{BeagleBone Black}{section.4.3}% 55
\BOOKMARK [1][]{section.4.4}{Tools used}{chapter.4}% 56
\BOOKMARK [2][]{subsection.4.4.1}{Buildroot}{section.4.4}% 57
\BOOKMARK [2][]{subsection.4.4.2}{Cscope}{section.4.4}% 58
\BOOKMARK [1][]{section.4.5}{Testing}{chapter.4}% 59
\BOOKMARK [2][]{subsection.4.5.1}{Checking to see if BLE gets enabled}{section.4.5}% 60
\BOOKMARK [2][]{subsection.4.5.2}{BLE gatttool interaction}{section.4.5}% 61
\BOOKMARK [2][]{subsection.4.5.3}{Reading Beacons using BLE}{section.4.5}% 62
\BOOKMARK [2][]{subsection.4.5.4}{Advertising with Beacons}{section.4.5}% 63
\BOOKMARK [0][]{chapter.5}{Conclusion and Future Scope}{}% 64
\BOOKMARK [1][]{section.5.1}{Conclusion}{chapter.5}% 65
\BOOKMARK [1][]{section.5.2}{Future Scope}{chapter.5}% 66
